[INFO ] 2022-04-25 00:05:56.814 [main] Log - Initializing driver...
[INFO ] 2022-04-25 00:05:59.818 [main] Log - Loading base url from data file...
[INFO ] 2022-04-25 00:05:59.819 [main] Log - Launching...
[INFO ] 2022-04-25 00:06:06.271 [main] Log - Url Launched Successfully...
[INFO ] 2022-04-25 11:21:54.341 [main] Log - Initializing driver...
[INFO ] 2022-04-25 11:21:57.134 [main] Log - Loading base url from data file...
[INFO ] 2022-04-25 11:21:57.139 [main] Log - Launching...
[INFO ] 2022-04-25 11:22:00.319 [main] Log - Url Launched Successfully...
[INFO ] 2022-04-25 11:26:03.749 [main] Log - Initializing driver...
[INFO ] 2022-04-25 11:26:06.099 [main] Log - Loading base url from data file...
[INFO ] 2022-04-25 11:26:06.100 [main] Log - Launching...
[INFO ] 2022-04-25 11:26:14.260 [main] Log - Url Launched Successfully...
[INFO ] 2022-04-25 11:27:27.169 [main] Log - Initializing driver...
[INFO ] 2022-04-25 11:27:29.422 [main] Log - Loading base url from data file...
[INFO ] 2022-04-25 11:27:29.422 [main] Log - Launching...
[INFO ] 2022-04-25 11:27:35.719 [main] Log - Url Launched Successfully...
[INFO ] 2022-04-25 11:27:43.768 [main] Log - Generated random email
[INFO ] 2022-04-25 11:42:24.900 [main] Log - Initializing driver...
[INFO ] 2022-04-25 11:42:29.257 [main] Log - Loading base url from data file...
[INFO ] 2022-04-25 11:42:29.259 [main] Log - Launching...
[INFO ] 2022-04-25 11:42:39.359 [main] Log - Url Launched Successfully...
[INFO ] 2022-04-25 11:42:49.337 [main] Log - Generated random email
[INFO ] 2022-04-25 11:42:50.666 [main] Log - Entered generated random mail
[INFO ] 2022-04-25 11:42:50.754 [main] Log - clicked on conform
[INFO ] 2022-04-25 11:42:59.310 [main] Log - opened Mail containing OTP
[INFO ] 2022-04-25 11:42:59.626 [main] Log - OTP entered
[INFO ] 2022-04-25 11:43:10.014 [main] Log - OTP verified
[INFO ] 2022-04-25 11:43:15.171 [main] Log - Password entered
[INFO ] 2022-04-25 11:43:15.288 [main] Log - Login button clicked
[INFO ] 2022-04-25 11:43:16.697 [main] Log - Email registered successfully
[INFO ] 2022-04-25 11:46:18.093 [main] Log - Initializing driver...
[INFO ] 2022-04-25 11:46:20.307 [main] Log - Loading base url from data file...
[INFO ] 2022-04-25 11:46:20.308 [main] Log - Launching...
[INFO ] 2022-04-25 11:46:28.041 [main] Log - Url Launched Successfully...
[INFO ] 2022-04-25 11:46:37.239 [main] Log - Generated random email
[INFO ] 2022-04-25 11:47:00.768 [main] Log - Initializing driver...
[INFO ] 2022-04-25 11:47:03.057 [main] Log - Loading base url from data file...
[INFO ] 2022-04-25 11:47:03.058 [main] Log - Launching...
[INFO ] 2022-04-25 11:47:10.041 [main] Log - Url Launched Successfully...
[INFO ] 2022-04-25 11:47:17.771 [main] Log - Generated random email
[INFO ] 2022-04-25 11:47:19.020 [main] Log - Entered generated random mail
[INFO ] 2022-04-25 11:47:19.110 [main] Log - clicked on conform
[INFO ] 2022-04-25 11:47:49.585 [main] Log - opened Mail containing OTP
[INFO ] 2022-04-25 11:47:49.851 [main] Log - OTP entered
[INFO ] 2022-04-25 11:48:00.222 [main] Log - OTP verified
[INFO ] 2022-04-25 11:48:05.380 [main] Log - Password entered
[INFO ] 2022-04-25 11:48:05.504 [main] Log - Login button clicked
[INFO ] 2022-04-25 11:48:07.039 [main] Log - Email registered successfully
[INFO ] 2022-04-25 11:57:11.318 [main] Log - Initializing driver...
[INFO ] 2022-04-25 11:57:13.790 [main] Log - Loading base url from data file...
[INFO ] 2022-04-25 11:57:13.790 [main] Log - Launching...
[INFO ] 2022-04-25 11:57:21.491 [main] Log - Url Launched Successfully...
[INFO ] 2022-04-25 11:57:30.081 [main] Log - Generated random email
[INFO ] 2022-04-25 11:57:31.279 [main] Log - Entered generated random mail
[INFO ] 2022-04-25 11:57:31.367 [main] Log - clicked on conform
[INFO ] 2022-04-25 11:57:41.848 [main] Log - opened Mail containing OTP
[INFO ] 2022-04-25 11:57:42.011 [main] Log - OTP entered
[INFO ] 2022-04-25 11:57:45.284 [main] Log - OTP verified
[INFO ] 2022-04-25 11:57:50.409 [main] Log - Password entered
[INFO ] 2022-04-25 11:59:15.725 [main] Log - Initializing driver...
[INFO ] 2022-04-25 11:59:17.862 [main] Log - Loading base url from data file...
[INFO ] 2022-04-25 11:59:17.862 [main] Log - Launching...
[INFO ] 2022-04-25 11:59:31.232 [main] Log - Url Launched Successfully...
[INFO ] 2022-04-25 11:59:38.209 [main] Log - Generated random email
[INFO ] 2022-04-25 11:59:49.620 [main] Log - Initializing driver...
[INFO ] 2022-04-25 11:59:51.853 [main] Log - Loading base url from data file...
[INFO ] 2022-04-25 11:59:51.854 [main] Log - Launching...
[INFO ] 2022-04-25 12:00:04.560 [main] Log - Url Launched Successfully...
[INFO ] 2022-04-25 12:00:14.277 [main] Log - Generated random email
[INFO ] 2022-04-25 12:00:15.710 [main] Log - Entered generated random mail
[INFO ] 2022-04-25 12:00:15.826 [main] Log - clicked on conform
[INFO ] 2022-04-25 12:00:23.976 [main] Log - opened Mail containing OTP
[INFO ] 2022-04-25 12:00:24.300 [main] Log - OTP entered
[INFO ] 2022-04-25 12:00:27.657 [main] Log - OTP verified
[INFO ] 2022-04-25 12:00:32.826 [main] Log - Password entered
[INFO ] 2022-04-25 12:00:32.948 [main] Log - Login button clicked
[INFO ] 2022-04-25 12:00:34.377 [main] Log - Email registered successfully
[INFO ] 2022-04-25 12:03:21.889 [main] Log - Initializing driver...
[INFO ] 2022-04-25 12:03:24.239 [main] Log - Loading base url from data file...
[INFO ] 2022-04-25 12:03:24.240 [main] Log - Launching...
[INFO ] 2022-04-25 12:03:33.604 [main] Log - Url Launched Successfully...
[INFO ] 2022-04-25 12:03:42.053 [main] Log - Generated random email
[INFO ] 2022-04-25 12:03:53.623 [main] Log - Entered generated random mail
[INFO ] 2022-04-25 12:03:53.735 [main] Log - clicked on conform
[INFO ] 2022-04-25 12:04:07.367 [main] Log - opened Mail containing OTP
[INFO ] 2022-04-25 12:04:07.656 [main] Log - OTP entered
[INFO ] 2022-04-25 12:04:11.074 [main] Log - OTP verified
[INFO ] 2022-04-25 12:04:16.202 [main] Log - Password entered
[INFO ] 2022-04-25 12:27:23.155 [main] Log - Initializing driver...
[INFO ] 2022-04-25 12:27:26.738 [main] Log - Loading base url from data file...
[INFO ] 2022-04-25 12:27:26.739 [main] Log - Launching...
[INFO ] 2022-04-25 12:27:34.390 [main] Log - Url Launched Successfully...
[INFO ] 2022-04-25 12:27:44.663 [main] Log - Generated random email
[INFO ] 2022-04-25 12:27:46.031 [main] Log - Entered generated random mail
[INFO ] 2022-04-25 12:27:46.136 [main] Log - clicked on conform
[INFO ] 2022-04-25 12:27:55.923 [main] Log - opened Mail containing OTP
[INFO ] 2022-04-25 12:27:56.179 [main] Log - OTP entered
[INFO ] 2022-04-25 12:28:01.456 [main] Log - OTP verified
[INFO ] 2022-04-25 12:28:06.636 [main] Log - Password entered
[INFO ] 2022-04-25 12:28:06.756 [main] Log - Login button clicked
[INFO ] 2022-04-25 12:28:08.394 [main] Log - Email registered successfully
[INFO ] 2022-04-25 12:36:20.299 [main] Log - Initializing driver...
[INFO ] 2022-04-25 12:36:22.481 [main] Log - Loading base url from data file...
[INFO ] 2022-04-25 12:36:22.482 [main] Log - Launching...
[INFO ] 2022-04-25 12:36:30.964 [main] Log - Url Launched Successfully...
[INFO ] 2022-04-25 12:36:42.345 [main] Log - Generated random email
[INFO ] 2022-04-25 12:36:43.636 [main] Log - Entered generated random mail
[INFO ] 2022-04-25 12:36:43.745 [main] Log - clicked on conform
[INFO ] 2022-04-25 12:36:59.691 [main] Log - opened Mail containing OTP
[INFO ] 2022-04-25 12:37:00.002 [main] Log - OTP entered
[INFO ] 2022-04-25 12:54:07.148 [main] Log - Initializing driver...
[INFO ] 2022-04-25 12:54:09.678 [main] Log - Loading base url from data file...
[INFO ] 2022-04-25 12:54:09.679 [main] Log - Launching...
[INFO ] 2022-04-25 12:54:13.605 [main] Log - Url Launched Successfully...
[INFO ] 2022-04-25 12:54:21.832 [main] Log - Generated random email
[INFO ] 2022-04-25 12:54:23.208 [main] Log - Entered generated random mail
[INFO ] 2022-04-25 12:54:23.326 [main] Log - clicked on conform
[INFO ] 2022-04-25 12:54:32.042 [main] Log - opened Mail containing OTP
[INFO ] 2022-04-25 12:54:32.328 [main] Log - OTP entered
[INFO ] 2022-04-25 12:54:36.877 [main] Log - OTP verified
[INFO ] 2022-04-25 12:54:42.046 [main] Log - Password entered
[INFO ] 2022-04-25 12:54:42.176 [main] Log - Login button clicked
[INFO ] 2022-04-25 12:54:43.377 [main] Log - Email registered successfully
[INFO ] 2022-04-25 13:15:37.287 [main] Log - Initializing driver...
[INFO ] 2022-04-25 13:15:38.730 [main] Log - Loading base url from data file...
[INFO ] 2022-04-25 13:15:38.730 [main] Log - Launching...
[INFO ] 2022-04-25 13:15:44.724 [main] Log - Url Launched Successfully...
[INFO ] 2022-04-25 13:19:07.856 [main] Log - Initializing driver...
[INFO ] 2022-04-25 13:19:09.295 [main] Log - Loading base url from data file...
[INFO ] 2022-04-25 13:19:09.296 [main] Log - Launching...
[INFO ] 2022-04-25 13:19:34.951 [main] Log - Url Launched Successfully...
[INFO ] 2022-04-25 13:20:06.384 [main] Log - Initializing driver...
[INFO ] 2022-04-25 13:20:08.175 [main] Log - Loading base url from data file...
[INFO ] 2022-04-25 13:20:08.175 [main] Log - Launching...
[INFO ] 2022-04-25 13:20:11.175 [main] Log - Url Launched Successfully...
[INFO ] 2022-04-25 13:21:46.986 [main] Log - Initializing driver...
[INFO ] 2022-04-25 13:21:48.449 [main] Log - Loading base url from data file...
[INFO ] 2022-04-25 13:21:48.449 [main] Log - Launching...
[INFO ] 2022-04-25 13:22:06.760 [main] Log - Url Launched Successfully...
[INFO ] 2022-04-25 13:22:44.714 [main] Log - Initializing driver...
[INFO ] 2022-04-25 13:22:46.106 [main] Log - Loading base url from data file...
[INFO ] 2022-04-25 13:22:46.106 [main] Log - Launching...
[INFO ] 2022-04-25 13:22:53.781 [main] Log - Url Launched Successfully...
[INFO ] 2022-04-25 13:23:01.733 [main] Log - Generated random email
[INFO ] 2022-04-25 13:23:02.873 [main] Log - Entered generated random mail
[INFO ] 2022-04-25 13:23:02.908 [main] Log - clicked on conform
[INFO ] 2022-04-25 13:23:11.547 [main] Log - opened Mail containing OTP
[INFO ] 2022-04-25 13:23:11.644 [main] Log - OTP entered
[INFO ] 2022-04-25 13:23:16.179 [main] Log - OTP verified
[INFO ] 2022-04-25 13:23:21.239 [main] Log - Password entered
[INFO ] 2022-04-25 13:23:21.274 [main] Log - Login button clicked
[INFO ] 2022-04-25 13:23:23.312 [main] Log - Email registered successfully
[INFO ] 2022-04-25 13:26:49.309 [main] Log - Initializing driver...
[INFO ] 2022-04-25 13:26:50.806 [main] Log - Loading base url from data file...
[INFO ] 2022-04-25 13:26:50.806 [main] Log - Launching...
[INFO ] 2022-04-25 13:26:56.331 [main] Log - Url Launched Successfully...
[INFO ] 2022-04-25 13:27:19.977 [main] Log - Generated random email
[INFO ] 2022-04-25 13:27:21.125 [main] Log - Entered generated random mail
[INFO ] 2022-04-25 13:27:21.169 [main] Log - clicked on conform
[INFO ] 2022-04-25 13:30:38.452 [main] Log - Initializing driver...
[INFO ] 2022-04-25 13:30:40.751 [main] Log - Loading base url from data file...
[INFO ] 2022-04-25 13:30:40.752 [main] Log - Launching...
[INFO ] 2022-04-25 13:31:18.550 [main] Log - Url Launched Successfully...
[INFO ] 2022-04-25 13:31:41.788 [main] Log - Generated random email
[INFO ] 2022-04-25 14:22:14.440 [main] Log - Initializing driver...
[INFO ] 2022-04-25 14:22:17.452 [main] Log - Loading base url from data file...
[INFO ] 2022-04-25 14:22:17.453 [main] Log - Launching...
[INFO ] 2022-04-25 14:22:22.519 [main] Log - Url Launched Successfully...
[INFO ] 2022-04-25 14:22:39.574 [main] Log - Generated random email
[INFO ] 2022-04-25 14:22:41.024 [main] Log - Entered generated random mail
[INFO ] 2022-04-25 14:22:41.163 [main] Log - clicked on conform
[INFO ] 2022-04-25 14:23:00.197 [main] Log - opened Mail containing OTP
[INFO ] 2022-04-25 14:23:00.531 [main] Log - OTP entered
[INFO ] 2022-04-25 14:24:59.581 [main] Log - Initializing driver...
[INFO ] 2022-04-25 14:25:01.853 [main] Log - Loading base url from data file...
[INFO ] 2022-04-25 14:25:01.853 [main] Log - Launching...
[INFO ] 2022-04-25 14:25:06.324 [main] Log - Url Launched Successfully...
[INFO ] 2022-04-25 14:25:30.013 [main] Log - Generated random email
[INFO ] 2022-04-25 14:25:31.379 [main] Log - Entered generated random mail
[INFO ] 2022-04-25 14:25:31.488 [main] Log - clicked on conform
[INFO ] 2022-04-25 14:25:46.983 [main] Log - opened Mail containing OTP
[INFO ] 2022-04-25 14:25:47.269 [main] Log - OTP entered
[INFO ] 2022-04-25 14:25:52.423 [main] Log - OTP verified
[INFO ] 2022-04-25 14:25:57.596 [main] Log - Password entered
[INFO ] 2022-04-25 14:25:57.711 [main] Log - Login button clicked
[INFO ] 2022-04-25 14:26:01.302 [main] Log - Email registered successfully
[INFO ] 2022-04-25 14:39:07.311 [main] Log - Initializing driver...
[INFO ] 2022-04-25 14:39:09.964 [main] Log - Loading base url from data file...
[INFO ] 2022-04-25 14:39:09.964 [main] Log - Launching...
[INFO ] 2022-04-25 14:39:12.930 [main] Log - Url Launched Successfully...
[INFO ] 2022-04-25 14:39:33.681 [main] Log - Initializing driver...
[INFO ] 2022-04-25 14:39:35.926 [main] Log - Loading base url from data file...
[INFO ] 2022-04-25 14:39:35.934 [main] Log - Launching...
[INFO ] 2022-04-25 14:39:45.869 [main] Log - Url Launched Successfully...
[INFO ] 2022-04-25 14:39:56.413 [main] Log - Generated random email
[INFO ] 2022-04-25 14:39:57.731 [main] Log - Entered generated random mail
[INFO ] 2022-04-25 14:39:57.841 [main] Log - clicked on conform
[INFO ] 2022-04-25 14:40:07.531 [main] Log - opened Mail containing OTP
[INFO ] 2022-04-25 14:40:07.770 [main] Log - OTP entered
[INFO ] 2022-04-25 14:40:43.290 [main] Log - Initializing driver...
[INFO ] 2022-04-25 14:40:45.474 [main] Log - Loading base url from data file...
[INFO ] 2022-04-25 14:40:45.479 [main] Log - Launching...
[INFO ] 2022-04-25 14:40:59.960 [main] Log - Url Launched Successfully...
[INFO ] 2022-04-25 14:41:14.539 [main] Log - Generated random email
[INFO ] 2022-04-25 14:41:38.533 [main] Log - Entered generated random mail
[INFO ] 2022-04-25 14:41:38.635 [main] Log - clicked on conform
[INFO ] 2022-04-25 14:41:50.441 [main] Log - opened Mail containing OTP
[INFO ] 2022-04-25 14:41:50.729 [main] Log - OTP entered
[INFO ] 2022-04-25 14:41:55.699 [main] Log - OTP verified
[INFO ] 2022-04-25 14:42:00.869 [main] Log - Password entered
[INFO ] 2022-04-25 14:42:00.996 [main] Log - Login button clicked
[INFO ] 2022-04-25 14:42:05.160 [main] Log - Email registered successfully
[INFO ] 2022-04-25 14:59:03.595 [main] Log - Initializing driver...
[INFO ] 2022-04-25 14:59:05.939 [main] Log - Loading base url from data file...
[INFO ] 2022-04-25 14:59:05.940 [main] Log - Launching...
[INFO ] 2022-04-25 14:59:15.664 [main] Log - Url Launched Successfully...
[INFO ] 2022-04-25 14:59:18.005 [main] Log - Reading login data from csv file...
[INFO ] 2022-04-25 15:11:49.614 [main] Log - Initializing driver...
[INFO ] 2022-04-25 15:11:51.835 [main] Log - Loading base url from data file...
[INFO ] 2022-04-25 15:11:51.835 [main] Log - Launching...
[ERROR] 2022-04-25 15:11:59.605 [main] Log - File not found! check the correct file path.
[INFO ] 2022-04-25 15:12:00.225 [main] Log - Url Launched Successfully...
[INFO ] 2022-04-25 15:12:02.737 [main] Log - Reading login data from csv file...
[INFO ] 2022-04-25 15:13:47.715 [main] Log - Initializing driver...
[INFO ] 2022-04-25 15:13:49.894 [main] Log - Loading base url from data file...
[INFO ] 2022-04-25 15:13:49.894 [main] Log - Launching...
[ERROR] 2022-04-25 15:13:59.068 [main] Log - File not found! check the correct file path.
[INFO ] 2022-04-25 15:13:59.705 [main] Log - Url Launched Successfully...
[INFO ] 2022-04-25 15:14:02.160 [main] Log - Reading login data from csv file...
[INFO ] 2022-04-25 15:15:18.145 [main] Log - Initializing driver...
[INFO ] 2022-04-25 15:15:20.087 [main] Log - Loading base url from data file...
[INFO ] 2022-04-25 15:15:20.087 [main] Log - Launching...
[ERROR] 2022-04-25 15:15:32.138 [main] Log - File not found! check the correct file path.
[INFO ] 2022-04-25 15:15:32.775 [main] Log - Url Launched Successfully...
[INFO ] 2022-04-25 15:15:35.005 [main] Log - Reading login data from csv file...
[INFO ] 2022-04-25 15:18:19.825 [main] Log - Initializing driver...
[INFO ] 2022-04-25 15:18:22.279 [main] Log - Loading base url from data file...
[INFO ] 2022-04-25 15:18:22.279 [main] Log - Launching...
[ERROR] 2022-04-25 15:18:32.945 [main] Log - File not found! check the correct file path.
[INFO ] 2022-04-25 15:18:33.670 [main] Log - Url Launched Successfully...
[INFO ] 2022-04-25 15:18:36.529 [main] Log - Reading login data from csv file...
[INFO ] 2022-04-25 15:19:15.494 [main] Log - Initializing driver...
[INFO ] 2022-04-25 15:19:17.940 [main] Log - Loading base url from data file...
[INFO ] 2022-04-25 15:19:17.940 [main] Log - Launching...
[ERROR] 2022-04-25 15:19:33.045 [main] Log - File not found! check the correct file path.
[INFO ] 2022-04-25 15:19:33.715 [main] Log - Url Launched Successfully...
[INFO ] 2022-04-25 15:19:35.199 [main] Log - Reading login data from csv file...
[INFO ] 2022-04-25 15:22:12.153 [main] Log - Initializing driver...
[INFO ] 2022-04-25 15:22:14.608 [main] Log - Loading base url from data file...
[INFO ] 2022-04-25 15:22:14.617 [main] Log - Launching...
[ERROR] 2022-04-25 15:22:27.017 [main] Log - File not found! check the correct file path.
[INFO ] 2022-04-25 15:22:27.677 [main] Log - Url Launched Successfully...
[INFO ] 2022-04-25 15:22:29.067 [main] Log - Reading login data from csv file...
[INFO ] 2022-04-25 15:23:33.223 [main] Log - Initializing driver...
[INFO ] 2022-04-25 15:23:35.376 [main] Log - Loading base url from data file...
[INFO ] 2022-04-25 15:23:35.376 [main] Log - Launching...
[ERROR] 2022-04-25 15:23:43.836 [main] Log - File not found! check the correct file path.
[INFO ] 2022-04-25 15:23:44.540 [main] Log - Url Launched Successfully...
[INFO ] 2022-04-25 15:23:52.730 [main] Log - Generated random email
[INFO ] 2022-04-25 15:23:54.052 [main] Log - Entered generated random mail
[INFO ] 2022-04-25 15:23:54.159 [main] Log - clicked on conform
[INFO ] 2022-04-25 15:24:03.242 [main] Log - opened Mail containing OTP
[INFO ] 2022-04-25 15:24:03.583 [main] Log - OTP entered
[INFO ] 2022-04-25 15:24:58.269 [main] Log - Initializing driver...
[INFO ] 2022-04-25 15:25:00.516 [main] Log - Loading base url from data file...
[INFO ] 2022-04-25 15:25:00.519 [main] Log - Launching...
[ERROR] 2022-04-25 15:25:08.848 [main] Log - File not found! check the correct file path.
[INFO ] 2022-04-25 15:25:09.510 [main] Log - Url Launched Successfully...
[INFO ] 2022-04-25 15:25:20.610 [main] Log - Generated random email
[INFO ] 2022-04-25 15:25:27.517 [main] Log - Entered generated random mail
[INFO ] 2022-04-25 15:25:27.619 [main] Log - clicked on conform
[INFO ] 2022-04-25 15:25:41.928 [main] Log - opened Mail containing OTP
[INFO ] 2022-04-25 15:25:42.248 [main] Log - OTP entered
[INFO ] 2022-04-25 15:25:47.248 [main] Log - OTP verified
[INFO ] 2022-04-25 15:25:50.393 [main] Log - Password entered
[INFO ] 2022-04-25 15:25:50.495 [main] Log - Login button clicked
[INFO ] 2022-04-25 15:25:54.957 [main] Log - Email registered successfully
[INFO ] 2022-04-25 15:29:04.592 [main] Log - Initializing driver...
[INFO ] 2022-04-25 15:29:06.881 [main] Log - Loading base url from data file...
[INFO ] 2022-04-25 15:29:06.881 [main] Log - Launching...
[ERROR] 2022-04-25 15:29:13.281 [main] Log - File not found! check the correct file path.
[INFO ] 2022-04-25 15:29:13.932 [main] Log - Url Launched Successfully...
[INFO ] 2022-04-25 15:29:16.123 [main] Log - Reading login data from csv file...
[ERROR] 2022-04-25 15:29:16.123 [main] Log - File not found! check the correct file path.\src\main\java\resources\datasheets\UserDetails.csv (The system cannot find the path specified)
[INFO ] 2022-04-25 15:29:52.631 [main] Log - Initializing driver...
[INFO ] 2022-04-25 15:29:54.891 [main] Log - Loading base url from data file...
[INFO ] 2022-04-25 15:29:54.891 [main] Log - Launching...
[ERROR] 2022-04-25 15:30:01.697 [main] Log - File not found! check the correct file path.
[INFO ] 2022-04-25 15:30:02.361 [main] Log - Url Launched Successfully...
[INFO ] 2022-04-25 15:30:04.851 [main] Log - Reading login data from csv file...
[ERROR] 2022-04-25 15:30:04.851 [main] Log - File not found! check the correct file path.\src\main\java\resources\datasheets\UserDetails.csv (The system cannot find the path specified)
[INFO ] 2022-04-25 15:34:02.015 [main] Log - Initializing driver...
[INFO ] 2022-04-25 15:34:04.308 [main] Log - Loading base url from data file...
[INFO ] 2022-04-25 15:34:04.308 [main] Log - Launching...
[ERROR] 2022-04-25 15:34:10.075 [main] Log - File not found! check the correct file path.
[INFO ] 2022-04-25 15:34:10.817 [main] Log - Url Launched Successfully...
[INFO ] 2022-04-25 15:34:12.995 [main] Log - Reading login data from csv file...
[INFO ] 2022-04-25 15:34:14.425 [main] Log - Entering emailId...
[INFO ] 2022-04-25 15:34:14.580 [main] Log - Confirming the Mail id
[INFO ] 2022-04-25 15:34:14.671 [main] Log - Entering password...
[INFO ] 2022-04-25 15:37:09.374 [main] Log - Initializing driver...
[INFO ] 2022-04-25 15:37:11.716 [main] Log - Loading base url from data file...
[INFO ] 2022-04-25 15:37:11.716 [main] Log - Launching...
[ERROR] 2022-04-25 15:37:21.383 [main] Log - File not found! check the correct file path.
[INFO ] 2022-04-25 15:37:22.289 [main] Log - Url Launched Successfully...
[INFO ] 2022-04-25 15:37:25.090 [main] Log - Reading login data from csv file...
[ERROR] 2022-04-25 15:37:25.095 [main] Log - File not found! check the correct file path.\src\main\java\resources\datasheets\userDetails.csv (The system cannot find the path specified)
[INFO ] 2022-04-25 15:40:12.373 [main] Log - Initializing driver...
[INFO ] 2022-04-25 15:40:14.950 [main] Log - Loading base url from data file...
[INFO ] 2022-04-25 15:40:14.951 [main] Log - Launching...
[ERROR] 2022-04-25 15:40:21.668 [main] Log - File not found! check the correct file path.
[INFO ] 2022-04-25 15:40:22.584 [main] Log - Url Launched Successfully...
[INFO ] 2022-04-25 15:40:25.355 [main] Log - Reading login data from csv file...
[INFO ] 2022-04-25 15:40:26.829 [main] Log - Entering emailId...
[INFO ] 2022-04-25 15:40:27.016 [main] Log - Confirming the Mail id
[INFO ] 2022-04-25 15:40:27.105 [main] Log - Entering password...
[INFO ] 2022-04-25 15:42:11.593 [main] Log - Initializing driver...
[INFO ] 2022-04-25 15:42:13.778 [main] Log - Loading base url from data file...
[INFO ] 2022-04-25 15:42:13.778 [main] Log - Launching...
[ERROR] 2022-04-25 15:42:20.333 [main] Log - File not found! check the correct file path.
[INFO ] 2022-04-25 15:42:21.015 [main] Log - Url Launched Successfully...
[INFO ] 2022-04-25 15:42:23.337 [main] Log - Reading login data from csv file...
[INFO ] 2022-04-25 15:42:24.818 [main] Log - Entering emailId...
[INFO ] 2022-04-25 15:42:25.007 [main] Log - Confirming the Mail id
[INFO ] 2022-04-25 15:42:25.122 [main] Log - Entering password...
[INFO ] 2022-04-25 15:42:25.934 [main] Log - Clicking on Login
[INFO ] 2022-04-25 15:47:59.162 [main] Log - Initializing driver...
[INFO ] 2022-04-25 15:48:01.540 [main] Log - Loading base url from data file...
[INFO ] 2022-04-25 15:48:01.540 [main] Log - Launching...
[ERROR] 2022-04-25 15:48:12.051 [main] Log - File not found! check the correct file path.
[INFO ] 2022-04-25 15:48:12.721 [main] Log - Url Launched Successfully...
[INFO ] 2022-04-25 15:48:14.746 [main] Log - Reading login data from csv file...
[INFO ] 2022-04-25 15:48:16.238 [main] Log - Entering emailId...
[INFO ] 2022-04-25 15:48:16.389 [main] Log - Confirming the Mail id
[INFO ] 2022-04-25 15:48:16.473 [main] Log - Entering password...
[INFO ] 2022-04-25 15:50:17.500 [main] Log - Initializing driver...
[INFO ] 2022-04-25 15:50:19.810 [main] Log - Loading base url from data file...
[INFO ] 2022-04-25 15:50:19.810 [main] Log - Launching...
[ERROR] 2022-04-25 15:50:25.573 [main] Log - File not found! check the correct file path.
[INFO ] 2022-04-25 15:50:26.420 [main] Log - Url Launched Successfully...
[INFO ] 2022-04-25 15:50:28.992 [main] Log - Reading login data from csv file...
[INFO ] 2022-04-25 15:50:30.444 [main] Log - Entering emailId...
[INFO ] 2022-04-25 15:50:30.619 [main] Log - Confirming the Mail id
[INFO ] 2022-04-25 15:50:30.712 [main] Log - Entering password...
[INFO ] 2022-04-25 15:50:31.866 [main] Log - Clicking on Login
[INFO ] 2022-04-25 16:00:46.665 [main] Log - Initializing driver...
[INFO ] 2022-04-25 16:00:50.597 [main] Log - Loading base url from data file...
[INFO ] 2022-04-25 16:00:50.600 [main] Log - Launching...
[ERROR] 2022-04-25 16:01:49.230 [main] Log - File not found! check the correct file path.
[INFO ] 2022-04-25 16:01:50.160 [main] Log - Url Launched Successfully...
[INFO ] 2022-04-25 16:01:51.830 [main] Log - Reading login data from csv file...
[INFO ] 2022-04-25 16:01:54.117 [main] Log - Entering emailId...
[INFO ] 2022-04-25 16:01:54.310 [main] Log - Confirming the Mail id
[INFO ] 2022-04-25 16:01:54.415 [main] Log - Entering password...
[INFO ] 2022-04-25 16:01:55.632 [main] Log - Clicking on Login
[INFO ] 2022-04-25 16:28:50.573 [main] Log - Initializing driver...
[INFO ] 2022-04-25 16:28:53.508 [main] Log - Loading base url from data file...
[INFO ] 2022-04-25 16:28:53.508 [main] Log - Launching...
[ERROR] 2022-04-25 16:29:02.147 [main] Log - File not found! check the correct file path.
[INFO ] 2022-04-25 16:29:02.974 [main] Log - Url Launched Successfully...
[INFO ] 2022-04-25 16:29:05.162 [main] Log - Reading login data from csv file...
[INFO ] 2022-04-25 16:29:06.765 [main] Log - Entering emailId...
[INFO ] 2022-04-25 16:29:06.898 [main] Log - Confirming the Mail id
[INFO ] 2022-04-25 16:29:06.972 [main] Log - Entering password...
[INFO ] 2022-04-25 16:29:07.776 [main] Log - Clicking on Login
[INFO ] 2022-04-25 16:30:22.778 [main] Log - Initializing driver...
[INFO ] 2022-04-25 16:30:38.802 [main] Log - Initializing driver...
[INFO ] 2022-04-25 16:30:41.146 [main] Log - Loading base url from data file...
[INFO ] 2022-04-25 16:30:41.147 [main] Log - Launching...
[ERROR] 2022-04-25 16:30:49.650 [main] Log - File not found! check the correct file path.
[INFO ] 2022-04-25 16:30:50.530 [main] Log - Url Launched Successfully...
[INFO ] 2022-04-25 16:30:53.545 [main] Log - Reading login data from csv file...
[INFO ] 2022-04-25 16:30:55.059 [main] Log - Entering emailId...
[INFO ] 2022-04-25 16:30:55.257 [main] Log - Confirming the Mail id
[INFO ] 2022-04-25 16:30:55.359 [main] Log - Entering password...
[INFO ] 2022-04-25 16:30:56.132 [main] Log - Clicking on Login
[INFO ] 2022-04-25 16:31:42.267 [main] Log - Initializing driver...
[INFO ] 2022-04-25 16:31:46.117 [main] Log - Loading base url from data file...
[INFO ] 2022-04-25 16:31:46.117 [main] Log - Launching...
[ERROR] 2022-04-25 16:31:53.847 [main] Log - File not found! check the correct file path.
[INFO ] 2022-04-25 16:31:54.467 [main] Log - Url Launched Successfully...
[INFO ] 2022-04-25 16:31:57.107 [main] Log - Reading login data from csv file...
[INFO ] 2022-04-25 16:31:57.976 [main] Log - Entering emailId...
[INFO ] 2022-04-25 16:31:58.152 [main] Log - Confirming the Mail id
[INFO ] 2022-04-25 16:31:58.261 [main] Log - Entering password...
[INFO ] 2022-04-25 16:31:59.176 [main] Log - Clicking on Login
[INFO ] 2022-04-25 16:38:27.844 [main] Log - Initializing driver...
[INFO ] 2022-04-25 16:38:30.197 [main] Log - Loading base url from data file...
[INFO ] 2022-04-25 16:38:30.197 [main] Log - Launching...
[ERROR] 2022-04-25 16:38:37.664 [main] Log - File not found! check the correct file path.
[INFO ] 2022-04-25 16:38:38.206 [main] Log - Url Launched Successfully...
[INFO ] 2022-04-25 16:38:40.834 [main] Log - Reading login data from csv file...
[INFO ] 2022-04-25 16:38:42.256 [main] Log - Entering emailId...
[INFO ] 2022-04-25 16:38:42.494 [main] Log - Confirming the Mail id
[INFO ] 2022-04-25 16:38:42.612 [main] Log - Entering password...
[INFO ] 2022-04-25 16:38:43.484 [main] Log - Clicking on Login
[INFO ] 2022-04-25 16:38:45.816 [main] Log - Reading login data from csv file...
[INFO ] 2022-04-25 16:38:45.970 [main] Log - Entering emailId...
[INFO ] 2022-04-25 16:38:46.126 [main] Log - Confirming the Mail id
[INFO ] 2022-04-25 16:38:46.223 [main] Log - Entering password...
[INFO ] 2022-04-25 16:38:46.657 [main] Log - Clicking on Login
[INFO ] 2022-04-25 16:43:14.763 [main] Log - Initializing driver...
[INFO ] 2022-04-25 16:43:17.719 [main] Log - Loading base url from data file...
[INFO ] 2022-04-25 16:43:17.720 [main] Log - Launching...
[ERROR] 2022-04-25 16:43:18.826 [main] Log - File not found! check the correct file path.
[INFO ] 2022-04-25 16:43:43.923 [main] Log - Initializing driver...
[INFO ] 2022-04-25 16:43:47.380 [main] Log - Loading base url from data file...
[INFO ] 2022-04-25 16:43:47.380 [main] Log - Launching...
[ERROR] 2022-04-25 16:43:54.475 [main] Log - File not found! check the correct file path.
[INFO ] 2022-04-25 16:43:55.228 [main] Log - Url Launched Successfully...
[INFO ] 2022-04-25 16:45:36.243 [main] Log - Initializing driver...
[INFO ] 2022-04-25 16:45:38.593 [main] Log - Loading base url from data file...
[INFO ] 2022-04-25 16:45:38.597 [main] Log - Launching...
[ERROR] 2022-04-25 16:45:46.226 [main] Log - File not found! check the correct file path.
[INFO ] 2022-04-25 16:45:46.858 [main] Log - Url Launched Successfully...
[INFO ] 2022-04-25 16:45:49.347 [main] Log - Reading login data from csv file...
[INFO ] 2022-04-25 16:45:50.896 [main] Log - Entering emailId...
[INFO ] 2022-04-25 16:45:51.031 [main] Log - Confirming the Mail id
[INFO ] 2022-04-25 16:45:51.116 [main] Log - Entering password...
[INFO ] 2022-04-25 16:45:52.704 [main] Log - Clicking on Login
[INFO ] 2022-04-25 16:51:51.801 [main] Log - Initializing driver...
[INFO ] 2022-04-25 16:51:54.051 [main] Log - Loading base url from data file...
[INFO ] 2022-04-25 16:51:54.052 [main] Log - Launching...
[ERROR] 2022-04-25 16:52:01.300 [main] Log - File not found! check the correct file path.
[INFO ] 2022-04-25 16:52:01.916 [main] Log - Url Launched Successfully...
[INFO ] 2022-04-25 16:52:04.361 [main] Log - Reading login data from csv file...
[INFO ] 2022-04-25 16:52:05.777 [main] Log - Entering emailId...
[INFO ] 2022-04-25 16:52:05.916 [main] Log - Confirming the Mail id
[INFO ] 2022-04-25 16:52:06.002 [main] Log - Entering password...
[INFO ] 2022-04-25 16:52:06.854 [main] Log - Clicking on Login
[INFO ] 2022-04-25 16:53:17.360 [main] Log - Initializing driver...
[INFO ] 2022-04-25 16:53:20.272 [main] Log - Loading base url from data file...
[INFO ] 2022-04-25 16:53:20.272 [main] Log - Launching...
[ERROR] 2022-04-25 16:53:29.239 [main] Log - File not found! check the correct file path.
[INFO ] 2022-04-25 16:53:29.858 [main] Log - Url Launched Successfully...
[INFO ] 2022-04-25 16:53:32.300 [main] Log - Reading login data from csv file...
[INFO ] 2022-04-25 16:53:33.555 [main] Log - Entering emailId...
[INFO ] 2022-04-25 16:53:33.721 [main] Log - Confirming the Mail id
[INFO ] 2022-04-25 16:53:33.794 [main] Log - Entering password...
[INFO ] 2022-04-25 16:53:34.744 [main] Log - Clicking on Login
[INFO ] 2022-04-25 16:54:44.477 [main] Log - Initializing driver...
[INFO ] 2022-04-25 16:54:46.898 [main] Log - Loading base url from data file...
[INFO ] 2022-04-25 16:54:46.903 [main] Log - Launching...
[ERROR] 2022-04-25 16:54:54.127 [main] Log - File not found! check the correct file path.
[INFO ] 2022-04-25 16:54:54.798 [main] Log - Url Launched Successfully...
[INFO ] 2022-04-25 16:54:57.122 [main] Log - Reading login data from csv file...
[INFO ] 2022-04-25 16:54:58.505 [main] Log - Entering emailId...
[INFO ] 2022-04-25 16:54:58.710 [main] Log - Confirming the Mail id
[INFO ] 2022-04-25 16:54:58.827 [main] Log - Entering password...
[INFO ] 2022-04-25 16:54:59.662 [main] Log - Clicking on Login
[INFO ] 2022-04-25 16:55:47.916 [main] Log - Initializing driver...
[INFO ] 2022-04-25 16:55:50.119 [main] Log - Loading base url from data file...
[INFO ] 2022-04-25 16:55:50.119 [main] Log - Launching...
[ERROR] 2022-04-25 16:55:57.564 [main] Log - File not found! check the correct file path.
[INFO ] 2022-04-25 16:55:58.206 [main] Log - Url Launched Successfully...
[INFO ] 2022-04-25 16:56:01.021 [main] Log - Reading login data from csv file...
[INFO ] 2022-04-25 16:56:02.468 [main] Log - Entering emailId...
[INFO ] 2022-04-25 16:56:02.657 [main] Log - Confirming the Mail id
[INFO ] 2022-04-25 16:56:02.758 [main] Log - Entering password...
[INFO ] 2022-04-25 16:56:04.844 [main] Log - Clicking on Login
[INFO ] 2022-04-25 16:59:49.346 [main] Log - Initializing driver...
[INFO ] 2022-04-25 16:59:51.647 [main] Log - Loading base url from data file...
[INFO ] 2022-04-25 16:59:51.647 [main] Log - Launching...
[ERROR] 2022-04-25 16:59:54.567 [main] Log - File not found! check the correct file path.
[INFO ] 2022-04-25 16:59:54.877 [main] Log - Url Launched Successfully...
[INFO ] 2022-04-25 17:01:44.007 [main] Log - Initializing driver...
[INFO ] 2022-04-25 17:01:46.248 [main] Log - Loading base url from data file...
[INFO ] 2022-04-25 17:01:46.248 [main] Log - Launching...
[ERROR] 2022-04-25 17:01:53.649 [main] Log - File not found! check the correct file path.
[INFO ] 2022-04-25 17:01:54.271 [main] Log - Url Launched Successfully...
[INFO ] 2022-04-25 17:17:23.640 [main] Log - Initializing driver...
[INFO ] 2022-04-25 17:17:25.780 [main] Log - Loading base url from data file...
[INFO ] 2022-04-25 17:17:25.780 [main] Log - Launching...
[ERROR] 2022-04-25 17:17:32.789 [main] Log - File not found! check the correct file path.
[INFO ] 2022-04-25 17:17:33.400 [main] Log - Url Launched Successfully...
[INFO ] 2022-04-25 17:17:36.271 [main] Log - Reading login data from csv file...
[INFO ] 2022-04-25 17:17:36.280 [main] Log - Entering admin mailId...
[INFO ] 2022-04-25 17:17:36.442 [main] Log - Entering password...
[INFO ] 2022-04-25 17:17:36.591 [main] Log - Clicking on Login
[INFO ] 2022-04-25 17:40:41.494 [main] Log - Initializing driver...
[INFO ] 2022-04-25 17:40:43.707 [main] Log - Loading base url from data file...
[INFO ] 2022-04-25 17:40:43.707 [main] Log - Launching...
[ERROR] 2022-04-25 17:40:51.939 [main] Log - File not found! check the correct file path.
[INFO ] 2022-04-25 17:40:52.188 [main] Log - Url Launched Successfully...
[INFO ] 2022-04-25 17:40:53.980 [main] Log - Reading login data from csv file...
[INFO ] 2022-04-25 17:40:53.981 [main] Log - Entering admin mailId...
[INFO ] 2022-04-25 17:40:54.055 [main] Log - Entering password...
[INFO ] 2022-04-25 17:40:54.114 [main] Log - Clicking on Login
[INFO ] 2022-04-25 17:40:55.537 [main] Log - Reading login data from csv file...
[INFO ] 2022-04-25 17:40:55.537 [main] Log - Entering admin mailId...
[INFO ] 2022-04-25 17:40:55.597 [main] Log - Entering password...
[INFO ] 2022-04-25 17:40:55.646 [main] Log - Clicking on Login
[INFO ] 2022-04-25 17:42:24.667 [main] Log - Initializing driver...
[INFO ] 2022-04-25 17:43:19.229 [main] Log - Initializing driver...
[INFO ] 2022-04-25 17:43:21.560 [main] Log - Loading base url from data file...
[INFO ] 2022-04-25 17:43:21.561 [main] Log - Launching...
[ERROR] 2022-04-25 17:43:29.539 [main] Log - File not found! check the correct file path.
[INFO ] 2022-04-25 17:43:29.813 [main] Log - Url Launched Successfully...
[INFO ] 2022-04-25 17:43:31.543 [main] Log - Reading login data from csv file...
[INFO ] 2022-04-25 17:43:31.544 [main] Log - Entering admin mailId...
[INFO ] 2022-04-25 17:43:31.638 [main] Log - Entering password...
[INFO ] 2022-04-25 17:43:31.713 [main] Log - Clicking on Login
[INFO ] 2022-04-25 17:43:33.623 [main] Log - Reading login data from csv file...
[INFO ] 2022-04-25 17:43:33.623 [main] Log - Entering admin mailId...
[INFO ] 2022-04-25 17:43:33.691 [main] Log - Entering password...
[INFO ] 2022-04-25 17:43:33.753 [main] Log - Clicking on Login
[INFO ] 2022-04-25 17:44:02.322 [main] Log - Initializing driver...
[INFO ] 2022-04-25 17:44:03.989 [main] Log - Loading base url from data file...
[INFO ] 2022-04-25 17:44:03.989 [main] Log - Launching...
[ERROR] 2022-04-25 17:44:10.461 [main] Log - File not found! check the correct file path.
[INFO ] 2022-04-25 17:44:10.761 [main] Log - Url Launched Successfully...
[INFO ] 2022-04-25 17:44:12.525 [main] Log - Reading login data from csv file...
[INFO ] 2022-04-25 17:44:12.527 [main] Log - Entering admin mailId...
[INFO ] 2022-04-25 17:44:12.620 [main] Log - Entering password...
[INFO ] 2022-04-25 17:44:12.706 [main] Log - Clicking on Login
[INFO ] 2022-04-25 17:44:17.074 [main] Log - Reading login data from csv file...
[INFO ] 2022-04-25 17:44:17.075 [main] Log - Entering admin mailId...
[INFO ] 2022-04-25 17:44:17.149 [main] Log - Entering password...
[INFO ] 2022-04-25 17:44:17.211 [main] Log - Clicking on Login
[INFO ] 2022-04-25 17:46:06.703 [main] Log - Initializing driver...
[INFO ] 2022-04-25 17:46:08.202 [main] Log - Loading base url from data file...
[INFO ] 2022-04-25 17:46:08.202 [main] Log - Launching...
[ERROR] 2022-04-25 17:46:18.581 [main] Log - File not found! check the correct file path.
[INFO ] 2022-04-25 17:46:18.839 [main] Log - Url Launched Successfully...
[INFO ] 2022-04-25 17:46:21.184 [main] Log - Reading login data from csv file...
[INFO ] 2022-04-25 17:46:21.184 [main] Log - Entering admin mailId...
[INFO ] 2022-04-25 17:46:21.281 [main] Log - Entering password...
[INFO ] 2022-04-25 17:46:21.365 [main] Log - Clicking on Login
[INFO ] 2022-04-25 17:46:26.382 [main] Log - Reading login data from csv file...
[INFO ] 2022-04-25 17:46:26.383 [main] Log - Entering admin mailId...
[INFO ] 2022-04-25 17:46:26.464 [main] Log - Entering password...
[INFO ] 2022-04-25 17:46:26.517 [main] Log - Clicking on Login
[INFO ] 2022-04-25 17:51:59.968 [main] Log - Initializing driver...
[INFO ] 2022-04-25 17:52:02.190 [main] Log - Loading base url from data file...
[INFO ] 2022-04-25 17:52:02.190 [main] Log - Launching...
[ERROR] 2022-04-25 17:52:09.176 [main] Log - File not found! check the correct file path.
[INFO ] 2022-04-25 17:52:09.834 [main] Log - Url Launched Successfully...
[INFO ] 2022-04-25 17:52:12.276 [main] Log - Reading login data from csv file...
[INFO ] 2022-04-25 17:52:13.626 [main] Log - Entering emailId...
[INFO ] 2022-04-25 17:52:13.834 [main] Log - Confirming the Mail id
[INFO ] 2022-04-25 17:52:13.952 [main] Log - Entering password...
[INFO ] 2022-04-25 17:52:14.802 [main] Log - Clicking on Login
[INFO ] 2022-04-25 17:52:34.533 [main] Log - Initializing driver...
[INFO ] 2022-04-25 17:52:36.919 [main] Log - Loading base url from data file...
[INFO ] 2022-04-25 17:52:36.919 [main] Log - Launching...
[ERROR] 2022-04-25 17:52:44.352 [main] Log - File not found! check the correct file path.
[INFO ] 2022-04-25 17:52:44.949 [main] Log - Url Launched Successfully...
[INFO ] 2022-04-25 17:52:47.321 [main] Log - Reading login data from csv file...
[INFO ] 2022-04-25 17:52:48.952 [main] Log - Entering emailId...
[INFO ] 2022-04-25 17:52:49.170 [main] Log - Confirming the Mail id
[INFO ] 2022-04-25 17:52:49.291 [main] Log - Entering password...
[INFO ] 2022-04-25 17:52:50.361 [main] Log - Clicking on Login
[INFO ] 2022-04-25 19:29:48.943 [main] Log - Initializing driver...
[INFO ] 2022-04-25 19:29:52.208 [main] Log - Loading base url from data file...
[INFO ] 2022-04-25 19:29:52.208 [main] Log - Launching...
[ERROR] 2022-04-25 19:30:01.345 [main] Log - File not found! check the correct file path.
[INFO ] 2022-04-25 19:30:02.012 [main] Log - Url Launched Successfully...
[INFO ] 2022-04-25 19:30:04.172 [main] Log - Reading login data from csv file...
[INFO ] 2022-04-25 19:30:06.140 [main] Log - Entering emailId...
[INFO ] 2022-04-25 19:30:06.292 [main] Log - Confirming the Mail id
[INFO ] 2022-04-25 19:30:06.373 [main] Log - Entering password...
[INFO ] 2022-04-25 19:30:07.232 [main] Log - Clicking on Login
[INFO ] 2022-04-25 19:30:10.851 [main] Log - Adding the items to cart
[INFO ] 2022-04-25 19:30:16.767 [main] Log - Adding the items to cart
[INFO ] 2022-04-25 19:30:24.464 [main] Log - Validating the cart
[INFO ] 2022-04-25 19:30:26.688 [main] Log - Clicking on place the order
[INFO ] 2022-04-25 19:30:26.814 [main] Log - Clicking yes on the pop up window
[INFO ] 2022-04-25 19:30:27.898 [main] Log - Order is saved
[INFO ] 2022-04-25 19:30:28.497 [main] Log - Order is placed
[INFO ] 2022-04-25 19:30:31.595 [main] Log - Storing the Order Id for further refrence
[INFO ] 2022-04-25 19:30:32.091 [main] Log - Read the Ordered Food Items from the CSV File. For Validating the Cart Items
[INFO ] 2022-04-25 19:30:52.121 [main] Log - Fetched the 'Item Names' from the Cart in Order History Page
[INFO ] 2022-04-25 19:30:52.122 [main] Log - Successfully Validated the Ordered Food Items in Order History Page
[INFO ] 2022-04-25 19:32:12.619 [main] Log - Initializing driver...
[INFO ] 2022-04-25 19:32:15.034 [main] Log - Loading base url from data file...
[INFO ] 2022-04-25 19:32:15.034 [main] Log - Launching...
[ERROR] 2022-04-25 19:32:19.365 [main] Log - File not found! check the correct file path.
[INFO ] 2022-04-25 19:32:19.842 [main] Log - Url Launched Successfully...
[INFO ] 2022-04-25 19:32:21.937 [main] Log - Reading login data from csv file...
[INFO ] 2022-04-25 19:32:25.352 [main] Log - Entering emailId...
[INFO ] 2022-04-25 19:32:25.533 [main] Log - Confirming the Mail id
[INFO ] 2022-04-25 19:32:25.650 [main] Log - Entering password...
[INFO ] 2022-04-25 19:32:26.489 [main] Log - Clicking on Login
[INFO ] 2022-04-25 19:32:30.399 [main] Log - Adding the items to cart
[INFO ] 2022-04-25 19:32:36.365 [main] Log - Adding the items to cart
[INFO ] 2022-04-25 19:32:44.067 [main] Log - Validating the cart
[INFO ] 2022-04-25 19:32:46.119 [main] Log - Clicking on place the order
[INFO ] 2022-04-25 19:32:46.224 [main] Log - Clicking yes on the pop up window
[INFO ] 2022-04-25 19:32:47.168 [main] Log - Order is saved
[INFO ] 2022-04-25 19:32:47.894 [main] Log - Order is placed
[INFO ] 2022-04-25 19:32:51.002 [main] Log - Storing the Order Id for further refrence
[INFO ] 2022-04-25 19:35:40.167 [main] Log - Initializing driver...
[INFO ] 2022-04-25 19:35:42.328 [main] Log - Loading base url from data file...
[INFO ] 2022-04-25 19:35:42.328 [main] Log - Launching...
[ERROR] 2022-04-25 19:35:50.027 [main] Log - File not found! check the correct file path.
[INFO ] 2022-04-25 19:35:50.644 [main] Log - Url Launched Successfully...
[INFO ] 2022-04-25 19:35:52.956 [main] Log - Reading login data from csv file...
[INFO ] 2022-04-25 19:35:54.426 [main] Log - Entering emailId...
[INFO ] 2022-04-25 19:35:54.568 [main] Log - Confirming the Mail id
[INFO ] 2022-04-25 19:35:54.657 [main] Log - Entering password...
[INFO ] 2022-04-25 19:35:55.678 [main] Log - Clicking on Login
[INFO ] 2022-04-25 19:35:59.617 [main] Log - Adding the items to cart
[INFO ] 2022-04-25 19:36:05.998 [main] Log - Adding the items to cart
[INFO ] 2022-04-25 19:36:13.555 [main] Log - Validating the cart
[INFO ] 2022-04-25 19:36:15.645 [main] Log - Clicking on place the order
[INFO ] 2022-04-25 19:36:15.766 [main] Log - Clicking yes on the pop up window
[INFO ] 2022-04-25 19:36:16.779 [main] Log - Order is saved
[INFO ] 2022-04-25 19:36:17.353 [main] Log - Order is placed
[INFO ] 2022-04-25 19:36:20.435 [main] Log - Storing the Order Id for further refrence
[INFO ] 2022-04-25 19:37:29.889 [main] Log - Initializing driver...
[INFO ] 2022-04-25 19:37:32.168 [main] Log - Loading base url from data file...
[INFO ] 2022-04-25 19:37:32.169 [main] Log - Launching...
[ERROR] 2022-04-25 19:37:39.779 [main] Log - File not found! check the correct file path.
[INFO ] 2022-04-25 19:37:40.419 [main] Log - Url Launched Successfully...
[INFO ] 2022-04-25 19:37:43.111 [main] Log - Reading login data from csv file...
[INFO ] 2022-04-25 19:37:44.642 [main] Log - Entering emailId...
[INFO ] 2022-04-25 19:37:44.811 [main] Log - Confirming the Mail id
[INFO ] 2022-04-25 19:37:44.925 [main] Log - Entering password...
[INFO ] 2022-04-25 19:37:46.343 [main] Log - Clicking on Login
[INFO ] 2022-04-25 19:37:50.670 [main] Log - Adding the items to cart
[INFO ] 2022-04-25 19:37:57.637 [main] Log - Adding the items to cart
[INFO ] 2022-04-25 19:38:06.535 [main] Log - Validating the cart
[INFO ] 2022-04-25 19:38:09.252 [main] Log - Clicking on place the order
[INFO ] 2022-04-25 19:38:09.426 [main] Log - Clicking yes on the pop up window
[INFO ] 2022-04-25 19:38:11.223 [main] Log - Order is saved
[INFO ] 2022-04-25 19:38:11.866 [main] Log - Order is placed
[INFO ] 2022-04-25 19:38:14.974 [main] Log - Storing the Order Id for further refrence
[INFO ] 2022-04-25 19:38:17.392 [main] Log - Reading login data from csv file...
[INFO ] 2022-04-25 19:38:17.392 [main] Log - Entering admin mailId...
[INFO ] 2022-04-25 19:38:17.631 [main] Log - Entering password...
[INFO ] 2022-04-25 19:38:17.838 [main] Log - Clicking on Login
[INFO ] 2022-04-25 19:42:09.922 [main] Log - Initializing driver...
[INFO ] 2022-04-25 19:43:40.758 [main] Log - Initializing driver...
[INFO ] 2022-04-25 19:43:43.106 [main] Log - Loading base url from data file...
[INFO ] 2022-04-25 19:43:43.108 [main] Log - Launching...
[ERROR] 2022-04-25 19:43:50.542 [main] Log - File not found! check the correct file path.
[INFO ] 2022-04-25 19:43:51.163 [main] Log - Url Launched Successfully...
[INFO ] 2022-04-25 19:43:53.560 [main] Log - Reading login data from csv file...
[INFO ] 2022-04-25 19:43:55.086 [main] Log - Entering emailId...
[INFO ] 2022-04-25 19:43:55.269 [main] Log - Confirming the Mail id
[INFO ] 2022-04-25 19:43:55.376 [main] Log - Entering password...
[INFO ] 2022-04-25 19:43:56.155 [main] Log - Clicking on Login
[INFO ] 2022-04-25 19:44:00.350 [main] Log - Adding the items to cart
[INFO ] 2022-04-25 19:44:06.671 [main] Log - Adding the items to cart
[INFO ] 2022-04-25 19:44:14.178 [main] Log - Validating the cart
[INFO ] 2022-04-25 19:44:16.240 [main] Log - Clicking on place the order
[INFO ] 2022-04-25 19:44:16.349 [main] Log - Clicking yes on the pop up window
[INFO ] 2022-04-25 19:44:17.279 [main] Log - Order is saved
[INFO ] 2022-04-25 19:44:17.915 [main] Log - Order is placed
[INFO ] 2022-04-25 19:44:21.019 [main] Log - Storing the Order Id for further refrence
[INFO ] 2022-04-25 19:48:54.710 [main] Log - Initializing driver...
[INFO ] 2022-04-25 19:48:56.894 [main] Log - Loading base url from data file...
[INFO ] 2022-04-25 19:48:56.894 [main] Log - Launching...
[ERROR] 2022-04-25 19:49:06.803 [main] Log - File not found! check the correct file path.
[INFO ] 2022-04-25 19:49:07.395 [main] Log - Url Launched Successfully...
[INFO ] 2022-04-25 19:49:10.376 [main] Log - Reading login data from csv file...
[INFO ] 2022-04-25 19:49:11.818 [main] Log - Entering emailId...
[INFO ] 2022-04-25 19:49:12.031 [main] Log - Confirming the Mail id
[INFO ] 2022-04-25 19:49:12.156 [main] Log - Entering password...
[INFO ] 2022-04-25 19:49:13.165 [main] Log - Clicking on Login
[INFO ] 2022-04-25 19:49:17.073 [main] Log - Adding the items to cart
[INFO ] 2022-04-25 19:49:23.381 [main] Log - Adding the items to cart
[INFO ] 2022-04-25 19:49:31.036 [main] Log - Validating the cart
[INFO ] 2022-04-25 19:49:33.099 [main] Log - Clicking on place the order
[INFO ] 2022-04-25 19:49:33.221 [main] Log - Clicking yes on the pop up window
[INFO ] 2022-04-25 19:49:34.174 [main] Log - Order is saved
[INFO ] 2022-04-25 19:49:34.929 [main] Log - Order is placed
[INFO ] 2022-04-25 19:49:38.019 [main] Log - Storing the Order Id for further refrence
[INFO ] 2022-04-25 19:50:22.362 [main] Log - Initializing driver...
[INFO ] 2022-04-25 19:50:24.634 [main] Log - Loading base url from data file...
[INFO ] 2022-04-25 19:50:24.634 [main] Log - Launching...
[ERROR] 2022-04-25 19:50:36.291 [main] Log - File not found! check the correct file path.
[INFO ] 2022-04-25 19:50:36.911 [main] Log - Url Launched Successfully...
[INFO ] 2022-04-25 19:50:39.316 [main] Log - Reading login data from csv file...
[INFO ] 2022-04-25 19:50:41.492 [main] Log - Entering emailId...
[INFO ] 2022-04-25 19:50:41.695 [main] Log - Confirming the Mail id
[INFO ] 2022-04-25 19:50:41.795 [main] Log - Entering password...
[INFO ] 2022-04-25 19:50:43.130 [main] Log - Clicking on Login
[INFO ] 2022-04-25 19:50:47.795 [main] Log - Adding the items to cart
[INFO ] 2022-04-25 19:50:54.129 [main] Log - Adding the items to cart
[INFO ] 2022-04-25 19:51:01.605 [main] Log - Validating the cart
[INFO ] 2022-04-25 19:51:03.749 [main] Log - Clicking on place the order
[INFO ] 2022-04-25 19:51:03.876 [main] Log - Clicking yes on the pop up window
[INFO ] 2022-04-25 19:51:04.856 [main] Log - Order is saved
[INFO ] 2022-04-25 19:51:05.388 [main] Log - Order is placed
[INFO ] 2022-04-25 19:51:08.470 [main] Log - Storing the Order Id for further refrence
[INFO ] 2022-04-25 19:51:52.520 [main] Log - Initializing driver...
[INFO ] 2022-04-25 19:51:54.757 [main] Log - Loading base url from data file...
[INFO ] 2022-04-25 19:51:54.757 [main] Log - Launching...
[ERROR] 2022-04-25 19:52:01.417 [main] Log - File not found! check the correct file path.
[INFO ] 2022-04-25 19:52:02.063 [main] Log - Url Launched Successfully...
[INFO ] 2022-04-25 19:52:04.521 [main] Log - Reading login data from csv file...
[INFO ] 2022-04-25 19:52:05.859 [main] Log - Entering emailId...
[INFO ] 2022-04-25 19:52:06.034 [main] Log - Confirming the Mail id
[INFO ] 2022-04-25 19:52:06.141 [main] Log - Entering password...
[INFO ] 2022-04-25 19:52:06.908 [main] Log - Clicking on Login
[INFO ] 2022-04-25 19:52:11.249 [main] Log - Adding the items to cart
[INFO ] 2022-04-25 19:52:17.528 [main] Log - Adding the items to cart
[INFO ] 2022-04-25 19:52:25.251 [main] Log - Validating the cart
[INFO ] 2022-04-25 19:52:27.230 [main] Log - Clicking on place the order
[INFO ] 2022-04-25 19:52:27.350 [main] Log - Clicking yes on the pop up window
[INFO ] 2022-04-25 19:52:28.254 [main] Log - Order is saved
[INFO ] 2022-04-25 19:52:29.029 [main] Log - Order is placed
[INFO ] 2022-04-25 19:52:32.113 [main] Log - Storing the Order Id for further refrence
[INFO ] 2022-04-25 19:52:34.959 [main] Log - Clicked on View Status Button
[INFO ] 2022-04-25 19:52:34.989 [main] Log - Read the Ordered Food Items from the CSV File. For Validating the Cart Items
[INFO ] 2022-04-25 19:52:55.005 [main] Log - Fetched the 'Item Names' from the Cart in Order History Page
[INFO ] 2022-04-25 19:52:55.013 [main] Log - Successfully Validated the Ordered Food Items in Order History Page
[INFO ] 2022-04-25 19:52:56.489 [main] Log - Reading login data from csv file...
[INFO ] 2022-04-25 19:52:56.489 [main] Log - Entering admin mailId...
[INFO ] 2022-04-25 19:52:56.747 [main] Log - Entering password...
[INFO ] 2022-04-25 19:52:56.960 [main] Log - Clicking on Login
[INFO ] 2022-04-25 20:48:00.995 [main] Log - Initializing driver...
[INFO ] 2022-04-25 20:48:03.774 [main] Log - Loading base url from data file...
[INFO ] 2022-04-25 20:48:03.774 [main] Log - Launching...
[ERROR] 2022-04-25 20:48:11.537 [main] Log - File not found! check the correct file path.
[INFO ] 2022-04-25 20:48:12.169 [main] Log - Url Launched Successfully...
[INFO ] 2022-04-25 20:48:14.193 [main] Log - Reading login data from csv file...
[INFO ] 2022-04-25 20:48:15.977 [main] Log - Entering emailId...
[INFO ] 2022-04-25 20:48:16.148 [main] Log - Confirming the Mail id
[INFO ] 2022-04-25 20:48:16.224 [main] Log - Entering password...
[INFO ] 2022-04-25 20:48:17.039 [main] Log - Clicking on Login
[INFO ] 2022-04-25 20:48:20.720 [main] Log - Adding the items to cart
[INFO ] 2022-04-25 20:48:27.257 [main] Log - Adding the items to cart
[INFO ] 2022-04-25 20:48:33.866 [main] Log - Clicking on place the order
[INFO ] 2022-04-25 20:48:34.004 [main] Log - Clicking yes on the pop up window
[INFO ] 2022-04-25 20:48:35.082 [main] Log - Order is saved
[INFO ] 2022-04-25 20:48:35.701 [main] Log - Order is placed
[INFO ] 2022-04-25 20:48:38.802 [main] Log - Storing the Order Id for further refrence
[INFO ] 2022-04-25 20:48:40.764 [main] Log - Reading login data from csv file...
[INFO ] 2022-04-25 20:48:40.766 [main] Log - Entering admin mailId...
[INFO ] 2022-04-25 20:48:41.013 [main] Log - Entering password...
[INFO ] 2022-04-25 20:48:41.228 [main] Log - Clicking on Login
[INFO ] 2022-04-25 20:48:42.701 [main] Log - Refreshing the page
[INFO ] 2022-04-25 20:48:45.308 [main] Log - Changing the order status from received to cooking
[INFO ] 2022-04-25 20:48:49.559 [main] Log - Validating the order status change in the dashboard
[INFO ] 2022-04-25 20:48:52.339 [main] Log - Reading login data from csv file...
[INFO ] 2022-04-25 20:48:52.495 [main] Log - Entering emailId...
[INFO ] 2022-04-25 20:48:52.637 [main] Log - Confirming the Mail id
[INFO ] 2022-04-25 20:48:52.747 [main] Log - Entering password...
[INFO ] 2022-04-25 20:48:53.266 [main] Log - Clicking on Login
[INFO ] 2022-04-25 22:39:48.710 [main] Log - Initializing driver...
[INFO ] 2022-04-25 22:39:50.697 [main] Log - Loading base url from data file...
[INFO ] 2022-04-25 22:39:50.698 [main] Log - Launching...
[ERROR] 2022-04-25 22:39:53.106 [main] Log - File not found! check the correct file path.
[INFO ] 2022-04-25 22:39:53.245 [main] Log - Url Launched Successfully...
[INFO ] 2022-04-25 22:39:54.521 [main] Log - Reading login data from csv file...
[INFO ] 2022-04-25 22:39:56.243 [main] Log - Entering emailId...
[INFO ] 2022-04-25 22:39:56.352 [main] Log - Confirming the Mail id
[INFO ] 2022-04-25 22:39:56.413 [main] Log - Entering password...
[INFO ] 2022-04-25 22:39:57.181 [main] Log - Clicking on Login
[INFO ] 2022-04-25 22:40:00.589 [main] Log - Adding the items to cart
[INFO ] 2022-04-25 22:40:05.857 [main] Log - Adding the items to cart
[INFO ] 2022-04-25 22:40:10.376 [main] Log - Clicking on place the order
[INFO ] 2022-04-25 22:40:10.434 [main] Log - Clicking yes on the pop up window
[INFO ] 2022-04-25 22:40:11.039 [main] Log - Order is saved
[INFO ] 2022-04-25 22:40:11.740 [main] Log - Order is placed
[INFO ] 2022-04-25 22:40:14.787 [main] Log - Storing the Order Id for further refrence
[INFO ] 2022-04-25 22:40:16.240 [main] Log - Reading login data from csv file...
[INFO ] 2022-04-25 22:40:16.241 [main] Log - Entering admin mailId...
[INFO ] 2022-04-25 22:40:16.361 [main] Log - Entering password...
[INFO ] 2022-04-25 22:40:16.467 [main] Log - Clicking on Login
[INFO ] 2022-04-25 22:40:17.759 [main] Log - Refreshing the page
[INFO ] 2022-04-25 22:40:19.951 [main] Log - Changing the order status from received to cooking
[INFO ] 2022-04-25 22:40:24.099 [main] Log - Validating the order status change in the dashboard
[INFO ] 2022-04-25 22:40:26.416 [main] Log - Reading login data from csv file...
[INFO ] 2022-04-25 22:40:26.543 [main] Log - Entering emailId...
[INFO ] 2022-04-25 22:40:26.653 [main] Log - Confirming the Mail id
[INFO ] 2022-04-25 22:40:26.716 [main] Log - Entering password...
[INFO ] 2022-04-25 22:40:27.130 [main] Log - Clicking on Login
[INFO ] 2022-04-25 22:40:30.319 [main] Log - Clicked on View Status Button
[INFO ] 2022-04-25 22:40:30.735 [main] Log - Order Recieved, Chef will perform his Magic Soon!!
[INFO ] 2022-04-25 22:40:31.026 [main] Log - Clicked On Details Button In Order Status Page
[INFO ] 2022-04-25 22:40:31.398 [main] Log - Fetched the Item names from the Order Status Page
[INFO ] 2022-04-25 22:40:31.398 [main] Log - Asserting the Reordered Items in Order Status Page
[INFO ] 2022-04-25 22:59:42.165 [main] Log - Initializing driver...
[INFO ] 2022-04-25 22:59:43.587 [main] Log - Loading base url from data file...
[INFO ] 2022-04-25 22:59:43.588 [main] Log - Launching...
[ERROR] 2022-04-25 22:59:49.660 [main] Log - File not found! check the correct file path.
[INFO ] 2022-04-25 22:59:49.922 [main] Log - Url Launched Successfully...
[INFO ] 2022-04-25 22:59:51.605 [main] Log - Reading login data from csv file...
[INFO ] 2022-04-25 22:59:52.829 [main] Log - Entering emailId...
[INFO ] 2022-04-25 22:59:52.920 [main] Log - Confirming the Mail id
[INFO ] 2022-04-25 22:59:52.968 [main] Log - Entering password...
[INFO ] 2022-04-25 22:59:53.689 [main] Log - Clicking on Login
[INFO ] 2022-04-25 22:59:57.203 [main] Log - Adding the items to cart
[INFO ] 2022-04-25 23:00:02.468 [main] Log - Adding the items to cart
[INFO ] 2022-04-25 23:00:07.102 [main] Log - Clicking on place the order
[INFO ] 2022-04-25 23:00:07.161 [main] Log - Clicking yes on the pop up window
[INFO ] 2022-04-25 23:00:07.820 [main] Log - Order is saved
[INFO ] 2022-04-25 23:00:08.384 [main] Log - Order is placed
[INFO ] 2022-04-25 23:00:11.447 [main] Log - Storing the Order Id for further refrence
[INFO ] 2022-04-25 23:00:12.764 [main] Log - Reading login data from csv file...
[INFO ] 2022-04-25 23:00:12.768 [main] Log - Entering admin mailId...
[INFO ] 2022-04-25 23:00:12.872 [main] Log - Entering password...
[INFO ] 2022-04-25 23:00:12.966 [main] Log - Clicking on Login
[INFO ] 2022-04-25 23:00:14.234 [main] Log - Refreshing the page
[INFO ] 2022-04-25 23:00:16.467 [main] Log - Changing the order status from received to cooking
[INFO ] 2022-04-25 23:00:20.644 [main] Log - Validating the order status change in the dashboard
[INFO ] 2022-04-25 23:00:22.977 [main] Log - Reading login data from csv file...
[INFO ] 2022-04-25 23:00:23.089 [main] Log - Entering emailId...
[INFO ] 2022-04-25 23:00:23.191 [main] Log - Confirming the Mail id
[INFO ] 2022-04-25 23:00:23.240 [main] Log - Entering password...
[INFO ] 2022-04-25 23:00:23.719 [main] Log - Clicking on Login
[INFO ] 2022-04-25 23:05:05.471 [main] Log - Initializing driver...
[INFO ] 2022-04-25 23:05:06.969 [main] Log - Loading base url from data file...
[INFO ] 2022-04-25 23:05:06.969 [main] Log - Launching...
[ERROR] 2022-04-25 23:05:14.723 [main] Log - File not found! check the correct file path.
[INFO ] 2022-04-25 23:05:15.003 [main] Log - Url Launched Successfully...
[INFO ] 2022-04-25 23:05:16.833 [main] Log - Reading login data from csv file...
[INFO ] 2022-04-25 23:05:18.463 [main] Log - Entering emailId...
[INFO ] 2022-04-25 23:05:18.537 [main] Log - Confirming the Mail id
[INFO ] 2022-04-25 23:05:18.576 [main] Log - Entering password...
[INFO ] 2022-04-25 23:05:19.326 [main] Log - Clicking on Login
[INFO ] 2022-04-25 23:05:23.006 [main] Log - Adding the items to cart
[INFO ] 2022-04-25 23:05:28.188 [main] Log - Adding the items to cart
[INFO ] 2022-04-25 23:05:32.852 [main] Log - Clicking on place the order
[INFO ] 2022-04-25 23:05:32.921 [main] Log - Clicking yes on the pop up window
[INFO ] 2022-04-25 23:05:33.490 [main] Log - Order is saved
[INFO ] 2022-04-25 23:05:34.704 [main] Log - Order is placed
[INFO ] 2022-04-25 23:05:37.766 [main] Log - Storing the Order Id for further refrence
[INFO ] 2022-04-25 23:05:39.129 [main] Log - Reading login data from csv file...
[INFO ] 2022-04-25 23:05:39.129 [main] Log - Entering admin mailId...
[INFO ] 2022-04-25 23:05:39.256 [main] Log - Entering password...
[INFO ] 2022-04-25 23:05:39.376 [main] Log - Clicking on Login
[INFO ] 2022-04-25 23:05:40.648 [main] Log - Refreshing the page
[INFO ] 2022-04-25 23:05:42.891 [main] Log - Changing the order status from received to cooking
[INFO ] 2022-04-25 23:05:47.035 [main] Log - Validating the order status change in the dashboard
[INFO ] 2022-04-25 23:05:49.403 [main] Log - Reading login data from csv file...
[INFO ] 2022-04-25 23:05:49.515 [main] Log - Entering emailId...
[INFO ] 2022-04-25 23:05:49.628 [main] Log - Confirming the Mail id
[INFO ] 2022-04-25 23:05:49.682 [main] Log - Entering password...
[INFO ] 2022-04-25 23:05:50.166 [main] Log - Clicking on Login
[INFO ] 2022-04-25 23:05:53.295 [main] Log - Clicked on View Status Button
[INFO ] 2022-04-25 23:05:53.663 [main] Log - Order Recieved, Chef will perform his Magic Soon!!
[INFO ] 2022-04-25 23:05:53.970 [main] Log - Clicked On Details Button In Order Status Page
[INFO ] 2022-04-25 23:05:54.333 [main] Log - Fetched the Item names from the Order Status Page
[INFO ] 2022-04-25 23:05:54.333 [main] Log - Asserting the Reordered Items in Order Status Page
[INFO ] 2022-04-25 23:07:35.335 [main] Log - Initializing driver...
[INFO ] 2022-04-25 23:07:36.728 [main] Log - Loading base url from data file...
[INFO ] 2022-04-25 23:07:36.728 [main] Log - Launching...
[ERROR] 2022-04-25 23:07:43.011 [main] Log - File not found! check the correct file path.
[INFO ] 2022-04-25 23:07:43.302 [main] Log - Url Launched Successfully...
[INFO ] 2022-04-25 23:07:45.047 [main] Log - Reading login data from csv file...
[INFO ] 2022-04-25 23:07:46.826 [main] Log - Entering emailId...
[INFO ] 2022-04-25 23:07:46.924 [main] Log - Confirming the Mail id
[INFO ] 2022-04-25 23:07:46.968 [main] Log - Entering password...
[INFO ] 2022-04-25 23:07:47.705 [main] Log - Clicking on Login
[INFO ] 2022-04-25 23:07:52.010 [main] Log - Adding the items to cart
[INFO ] 2022-04-25 23:07:57.168 [main] Log - Adding the items to cart
[INFO ] 2022-04-25 23:08:01.755 [main] Log - Clicking on place the order
[INFO ] 2022-04-25 23:08:01.827 [main] Log - Clicking yes on the pop up window
[INFO ] 2022-04-25 23:08:02.390 [main] Log - Order is saved
[INFO ] 2022-04-25 23:08:03.156 [main] Log - Order is placed
[INFO ] 2022-04-25 23:08:06.206 [main] Log - Storing the Order Id for further refrence
[INFO ] 2022-04-25 23:08:07.643 [main] Log - Reading login data from csv file...
[INFO ] 2022-04-25 23:08:07.644 [main] Log - Entering admin mailId...
[INFO ] 2022-04-25 23:08:07.791 [main] Log - Entering password...
[INFO ] 2022-04-25 23:08:07.904 [main] Log - Clicking on Login
[INFO ] 2022-04-25 23:08:09.190 [main] Log - Refreshing the page
[INFO ] 2022-04-25 23:08:11.431 [main] Log - Changing the order status from received to cooking
[INFO ] 2022-04-25 23:08:15.602 [main] Log - Validating the order status change in the dashboard
[INFO ] 2022-04-25 23:08:18.090 [main] Log - Reading login data from csv file...
[INFO ] 2022-04-25 23:08:18.187 [main] Log - Entering emailId...
[INFO ] 2022-04-25 23:08:18.257 [main] Log - Confirming the Mail id
[INFO ] 2022-04-25 23:08:18.300 [main] Log - Entering password...
[INFO ] 2022-04-25 23:08:18.722 [main] Log - Clicking on Login
[INFO ] 2022-04-25 23:08:22.051 [main] Log - Clicked on View Status Button
[INFO ] 2022-04-25 23:08:22.443 [main] Log - Order Recieved, Chef will perform his Magic Soon!!
[INFO ] 2022-04-25 23:08:22.745 [main] Log - Clicked On Details Button In Order Status Page
[INFO ] 2022-04-25 23:08:23.117 [main] Log - Fetched the Item names from the Order Status Page
[INFO ] 2022-04-25 23:08:23.117 [main] Log - Asserting the Reordered Items in Order Status Page
[INFO ] 2022-04-25 23:08:26.648 [main] Log - Successfully Validated the Food Status in Order Status Page
[INFO ] 2022-04-25 23:55:37.704 [main] Log - Initializing driver...
[INFO ] 2022-04-25 23:55:40.346 [main] Log - Loading base url from data file...
[INFO ] 2022-04-25 23:55:40.346 [main] Log - Launching...
[ERROR] 2022-04-25 23:55:47.123 [main] Log - File not found! check the correct file path.
[INFO ] 2022-04-25 23:55:47.778 [main] Log - Url Launched Successfully...
[INFO ] 2022-04-25 23:55:49.070 [main] Log - Logo is present
[INFO ] 2022-04-25 23:56:00.456 [main] Log - Adding the items to cart
[INFO ] 2022-04-25 23:56:04.367 [main] Log - Adding the items to cart
[INFO ] 2022-04-25 23:56:12.132 [main] Log - Validating the cart
[INFO ] 2022-04-25 23:56:42.188 [main] Log - Cart is not updated properly
[INFO ] 2022-04-25 23:56:52.150 [main] Log - Generated random email
[INFO ] 2022-04-25 23:56:53.429 [main] Log - Entered generated random mail
[INFO ] 2022-04-25 23:56:53.532 [main] Log - clicked on conform
[INFO ] 2022-04-25 23:57:01.691 [main] Log - opened Mail containing OTP
[INFO ] 2022-04-25 23:57:01.912 [main] Log - OTP entered
[INFO ] 2022-04-25 23:57:14.743 [main] Log - Reading login data from csv file...
[INFO ] 2022-04-25 23:57:14.946 [main] Log - Entering emailId...
[INFO ] 2022-04-25 23:57:15.134 [main] Log - Confirming the Mail id
[INFO ] 2022-04-25 23:57:15.248 [main] Log - Entering password...
[INFO ] 2022-04-25 23:57:15.807 [main] Log - Clicking on Login
[INFO ] 2022-04-25 23:57:17.268 [main] Log - Reading login data from csv file...
[INFO ] 2022-04-25 23:57:17.471 [main] Log - Entering emailId...
[INFO ] 2022-04-25 23:57:17.671 [main] Log - Confirming the Mail id
[INFO ] 2022-04-25 23:57:17.782 [main] Log - Entering password...
[INFO ] 2022-04-25 23:57:18.321 [main] Log - Clicking on Login
[INFO ] 2022-04-25 23:57:21.525 [main] Log - Adding the items to cart
[INFO ] 2022-04-25 23:57:27.641 [main] Log - Adding the items to cart
[INFO ] 2022-04-25 23:57:35.183 [main] Log - Validating the cart
[INFO ] 2022-04-25 23:57:40.465 [main] Log - Reading login data from csv file...
[INFO ] 2022-04-25 23:57:40.467 [main] Log - Entering admin mailId...
[INFO ] 2022-04-25 23:57:40.705 [main] Log - Entering password...
[INFO ] 2022-04-25 23:57:40.923 [main] Log - Clicking on Login
[INFO ] 2022-04-25 23:57:45.698 [main] Log - Reading login data from csv file...
[INFO ] 2022-04-25 23:57:45.698 [main] Log - Entering admin mailId...
[INFO ] 2022-04-25 23:57:45.892 [main] Log - Entering password...
[INFO ] 2022-04-25 23:57:46.045 [main] Log - Clicking on Login
[INFO ] 2022-04-25 23:57:48.814 [main] Log - Reading login data from csv file...
[INFO ] 2022-04-25 23:57:49.123 [main] Log - Entering emailId...
