[INFO ] 2022-04-22 00:03:34.287 [main] Log - Initializing driver...
[INFO ] 2022-04-22 00:03:36.945 [main] Log - Loading base url from data file...
[INFO ] 2022-04-22 00:03:36.946 [main] Log - Launching...
[INFO ] 2022-04-22 00:03:42.460 [main] Log - Url Launched Successfully...
[INFO ] 2022-04-22 00:20:53.759 [main] Log - Initializing driver...
[INFO ] 2022-04-22 00:20:56.110 [main] Log - Loading base url from data file...
[INFO ] 2022-04-22 00:20:56.111 [main] Log - Launching...
[INFO ] 2022-04-22 00:21:01.002 [main] Log - Url Launched Successfully...
[INFO ] 2022-04-22 08:59:26.776 [main] Log - Initializing driver...
[INFO ] 2022-04-22 08:59:57.692 [main] Log - Initializing driver...
[INFO ] 2022-04-22 09:00:00.057 [main] Log - Loading base url from data file...
[INFO ] 2022-04-22 09:00:00.058 [main] Log - Launching...
[INFO ] 2022-04-22 09:00:03.419 [main] Log - Url Launched Successfully...
[INFO ] 2022-04-22 09:47:43.851 [main] Log - Initializing driver...
[INFO ] 2022-04-22 09:47:46.023 [main] Log - Loading base url from data file...
[INFO ] 2022-04-22 09:47:46.023 [main] Log - Launching...
[INFO ] 2022-04-22 09:47:53.541 [main] Log - Url Launched Successfully...
[INFO ] 2022-04-22 09:49:39.636 [main] Log - Initializing driver...
[INFO ] 2022-04-22 09:49:41.749 [main] Log - Loading base url from data file...
[INFO ] 2022-04-22 09:49:41.749 [main] Log - Launching...
[INFO ] 2022-04-22 09:49:45.926 [main] Log - Url Launched Successfully...
[INFO ] 2022-04-22 09:51:53.991 [main] Log - Initializing driver...
[INFO ] 2022-04-22 09:51:56.248 [main] Log - Loading base url from data file...
[INFO ] 2022-04-22 09:51:56.248 [main] Log - Launching...
[INFO ] 2022-04-22 09:52:03.165 [main] Log - Url Launched Successfully...
[INFO ] 2022-04-22 09:52:03.726 [main] Log - Reading login data from csv file...
[INFO ] 2022-04-22 09:52:03.728 [main] Log - Entering admin mailId...
[INFO ] 2022-04-22 09:52:03.832 [main] Log - Entering password...
[INFO ] 2022-04-22 09:52:03.919 [main] Log - Clicking on Login
[INFO ] 2022-04-22 09:57:11.725 [main] Log - Initializing driver...
[INFO ] 2022-04-22 09:57:13.888 [main] Log - Loading base url from data file...
[INFO ] 2022-04-22 09:57:13.888 [main] Log - Launching...
[INFO ] 2022-04-22 09:57:20.238 [main] Log - Url Launched Successfully...
[INFO ] 2022-04-22 09:57:20.820 [main] Log - Reading login data from csv file...
[INFO ] 2022-04-22 09:57:20.821 [main] Log - Entering emailId...
[INFO ] 2022-04-22 09:57:20.963 [main] Log - Entering password...
[INFO ] 2022-04-22 09:57:21.061 [main] Log - Clicking on Login
[INFO ] 2022-04-22 10:01:38.211 [main] Log - Initializing driver...
[INFO ] 2022-04-22 10:01:40.072 [main] Log - Loading base url from data file...
[INFO ] 2022-04-22 10:01:40.073 [main] Log - Launching...
[INFO ] 2022-04-22 10:01:45.137 [main] Log - Url Launched Successfully...
[INFO ] 2022-04-22 10:01:45.517 [main] Log - Reading login data from csv file...
[INFO ] 2022-04-22 10:01:45.518 [main] Log - Entering emailId...
[INFO ] 2022-04-22 10:01:45.611 [main] Log - Entering password...
[INFO ] 2022-04-22 10:01:45.681 [main] Log - Clicking on Login
[INFO ] 2022-04-22 10:03:34.384 [main] Log - Initializing driver...
[INFO ] 2022-04-22 10:03:35.837 [main] Log - Loading base url from data file...
[INFO ] 2022-04-22 10:03:35.837 [main] Log - Launching...
[INFO ] 2022-04-22 10:03:41.126 [main] Log - Url Launched Successfully...
[INFO ] 2022-04-22 10:03:41.425 [main] Log - Reading login data from csv file...
[INFO ] 2022-04-22 10:03:41.426 [main] Log - Entering emailId...
[INFO ] 2022-04-22 10:03:41.494 [main] Log - Entering password...
[INFO ] 2022-04-22 10:03:41.544 [main] Log - Clicking on Login
[INFO ] 2022-04-22 10:04:15.148 [main] Log - Initializing driver...
[INFO ] 2022-04-22 10:04:16.520 [main] Log - Loading base url from data file...
[INFO ] 2022-04-22 10:04:16.520 [main] Log - Launching...
[INFO ] 2022-04-22 10:04:20.780 [main] Log - Url Launched Successfully...
[INFO ] 2022-04-22 10:04:21.104 [main] Log - Reading login data from csv file...
[INFO ] 2022-04-22 10:04:21.105 [main] Log - Entering emailId...
[INFO ] 2022-04-22 10:04:21.172 [main] Log - Entering password...
[INFO ] 2022-04-22 10:04:21.224 [main] Log - Clicking on Login
[INFO ] 2022-04-22 10:07:12.507 [main] Log - Initializing driver...
[INFO ] 2022-04-22 10:07:13.863 [main] Log - Loading base url from data file...
[INFO ] 2022-04-22 10:07:13.863 [main] Log - Launching...
[INFO ] 2022-04-22 10:07:18.714 [main] Log - Url Launched Successfully...
[INFO ] 2022-04-22 10:07:19.021 [main] Log - Clicking on Login Here
[INFO ] 2022-04-22 10:09:08.398 [main] Log - Initializing driver...
[INFO ] 2022-04-22 10:09:09.840 [main] Log - Loading base url from data file...
[INFO ] 2022-04-22 10:09:09.841 [main] Log - Launching...
[INFO ] 2022-04-22 10:09:14.957 [main] Log - Url Launched Successfully...
[INFO ] 2022-04-22 10:09:15.253 [main] Log - Clicking on Login Here
[INFO ] 2022-04-22 10:14:07.423 [main] Log - Initializing driver...
[INFO ] 2022-04-22 10:14:08.759 [main] Log - Loading base url from data file...
[INFO ] 2022-04-22 10:14:08.760 [main] Log - Launching...
[INFO ] 2022-04-22 10:14:11.960 [main] Log - Url Launched Successfully...
[INFO ] 2022-04-22 10:14:30.901 [main] Log - Initializing driver...
[INFO ] 2022-04-22 10:14:32.232 [main] Log - Loading base url from data file...
[INFO ] 2022-04-22 10:14:32.232 [main] Log - Launching...
[INFO ] 2022-04-22 10:14:37.370 [main] Log - Url Launched Successfully...
[INFO ] 2022-04-22 10:14:37.711 [main] Log - Clicking on Login Here
[INFO ] 2022-04-22 10:15:10.744 [main] Log - Initializing driver...
[INFO ] 2022-04-22 10:15:12.097 [main] Log - Loading base url from data file...
[INFO ] 2022-04-22 10:15:12.098 [main] Log - Launching...
[INFO ] 2022-04-22 10:15:18.157 [main] Log - Url Launched Successfully...
[INFO ] 2022-04-22 10:15:18.499 [main] Log - Clicking on Login Here
[INFO ] 2022-04-22 10:17:15.227 [main] Log - Initializing driver...
[INFO ] 2022-04-22 10:17:16.562 [main] Log - Loading base url from data file...
[INFO ] 2022-04-22 10:17:16.563 [main] Log - Launching...
[INFO ] 2022-04-22 10:17:21.737 [main] Log - Url Launched Successfully...
[INFO ] 2022-04-22 10:17:22.057 [main] Log - Reading login data from csv file...
[INFO ] 2022-04-22 10:17:22.058 [main] Log - Entering admin mailId...
[INFO ] 2022-04-22 10:17:22.139 [main] Log - Entering password...
[INFO ] 2022-04-22 10:17:22.196 [main] Log - Clicking on Login
[INFO ] 2022-04-22 10:18:00.431 [main] Log - Initializing driver...
[INFO ] 2022-04-22 10:18:01.780 [main] Log - Loading base url from data file...
[INFO ] 2022-04-22 10:18:01.780 [main] Log - Launching...
[INFO ] 2022-04-22 10:18:06.808 [main] Log - Url Launched Successfully...
[INFO ] 2022-04-22 10:18:07.134 [main] Log - Reading login data from csv file...
[INFO ] 2022-04-22 10:18:07.135 [main] Log - Entering emailId...
[INFO ] 2022-04-22 10:18:07.202 [main] Log - Entering password...
[INFO ] 2022-04-22 10:18:07.247 [main] Log - Clicking on Login
[INFO ] 2022-04-22 10:22:28.684 [main] Log - Initializing driver...
[INFO ] 2022-04-22 10:22:30.036 [main] Log - Loading base url from data file...
[INFO ] 2022-04-22 10:22:30.036 [main] Log - Launching...
[INFO ] 2022-04-22 10:22:35.786 [main] Log - Url Launched Successfully...
[INFO ] 2022-04-22 10:22:40.857 [main] Log - Generated random email
[INFO ] 2022-04-22 10:23:04.997 [main] Log - Entered generated random mail
[INFO ] 2022-04-22 10:25:06.366 [main] Log - Initializing driver...
[INFO ] 2022-04-22 10:25:07.735 [main] Log - Loading base url from data file...
[INFO ] 2022-04-22 10:25:07.735 [main] Log - Launching...
[INFO ] 2022-04-22 10:25:13.651 [main] Log - Url Launched Successfully...
[INFO ] 2022-04-22 10:25:36.237 [main] Log - Initializing driver...
[INFO ] 2022-04-22 10:25:37.635 [main] Log - Loading base url from data file...
[INFO ] 2022-04-22 10:25:37.635 [main] Log - Launching...
[INFO ] 2022-04-22 10:25:41.631 [main] Log - Url Launched Successfully...
[INFO ] 2022-04-22 10:25:46.168 [main] Log - Generated random email
[INFO ] 2022-04-22 10:25:47.195 [main] Log - Entered generated random mail
[INFO ] 2022-04-22 10:28:02.201 [main] Log - Initializing driver...
[INFO ] 2022-04-22 10:28:03.621 [main] Log - Loading base url from data file...
[INFO ] 2022-04-22 10:28:03.621 [main] Log - Launching...
[INFO ] 2022-04-22 10:28:07.834 [main] Log - Url Launched Successfully...
[INFO ] 2022-04-22 10:28:12.647 [main] Log - Generated random email
[INFO ] 2022-04-22 10:28:13.614 [main] Log - Entered generated random mail
[INFO ] 2022-04-22 10:43:04.536 [main] Log - Initializing driver...
[INFO ] 2022-04-22 10:43:05.949 [main] Log - Loading base url from data file...
[INFO ] 2022-04-22 10:43:05.949 [main] Log - Launching...
[INFO ] 2022-04-22 10:43:11.910 [main] Log - Url Launched Successfully...
[INFO ] 2022-04-22 10:43:16.983 [main] Log - Generated random email
[INFO ] 2022-04-22 10:43:20.497 [main] Log - Entered generated random mail
[INFO ] 2022-04-22 10:43:27.605 [main] Log - Clicked on refresh button
[INFO ] 2022-04-22 10:54:37.548 [main] Log - Initializing driver...
[INFO ] 2022-04-22 10:54:38.892 [main] Log - Loading base url from data file...
[INFO ] 2022-04-22 10:54:38.893 [main] Log - Launching...
[INFO ] 2022-04-22 10:54:41.828 [main] Log - Url Launched Successfully...
[INFO ] 2022-04-22 10:54:46.628 [main] Log - Generated random email
[INFO ] 2022-04-22 10:54:50.151 [main] Log - Entered generated random mail
[INFO ] 2022-04-22 10:54:57.269 [main] Log - Clicked on refresh button
[INFO ] 2022-04-22 11:04:13.497 [main] Log - Initializing driver...
[INFO ] 2022-04-22 11:04:15.373 [main] Log - Loading base url from data file...
[INFO ] 2022-04-22 11:04:15.373 [main] Log - Launching...
[INFO ] 2022-04-22 11:04:20.182 [main] Log - Url Launched Successfully...
[INFO ] 2022-04-22 11:04:24.952 [main] Log - Generated random email
[INFO ] 2022-04-22 11:04:27.261 [main] Log - Entered generated random mail
[INFO ] 2022-04-22 11:04:34.374 [main] Log - Clicked on refresh button
[INFO ] 2022-04-22 11:05:03.128 [main] Log - Initializing driver...
[INFO ] 2022-04-22 11:05:04.479 [main] Log - Loading base url from data file...
[INFO ] 2022-04-22 11:05:04.479 [main] Log - Launching...
[INFO ] 2022-04-22 11:05:08.960 [main] Log - Url Launched Successfully...
[INFO ] 2022-04-22 11:05:13.804 [main] Log - Generated random email
[INFO ] 2022-04-22 11:05:14.874 [main] Log - Entered generated random mail
[INFO ] 2022-04-22 11:05:22.008 [main] Log - Clicked on refresh button
[INFO ] 2022-04-22 11:07:15.098 [main] Log - Initializing driver...
[INFO ] 2022-04-22 11:07:16.440 [main] Log - Loading base url from data file...
[INFO ] 2022-04-22 11:07:16.440 [main] Log - Launching...
[INFO ] 2022-04-22 11:07:19.388 [main] Log - Url Launched Successfully...
[INFO ] 2022-04-22 11:07:24.248 [main] Log - Generated random email
[INFO ] 2022-04-22 11:07:27.373 [main] Log - Entered generated random mail
[INFO ] 2022-04-22 11:07:34.503 [main] Log - Clicked on refresh button
[INFO ] 2022-04-22 11:07:52.266 [main] Log - Initializing driver...
[INFO ] 2022-04-22 11:07:53.647 [main] Log - Loading base url from data file...
[INFO ] 2022-04-22 11:07:53.647 [main] Log - Launching...
[INFO ] 2022-04-22 11:07:57.825 [main] Log - Url Launched Successfully...
[INFO ] 2022-04-22 11:08:02.632 [main] Log - Generated random email
[INFO ] 2022-04-22 11:08:03.636 [main] Log - Entered generated random mail
[INFO ] 2022-04-22 11:08:10.768 [main] Log - Clicked on refresh button
[INFO ] 2022-04-22 11:18:01.471 [main] Log - Initializing driver...
[INFO ] 2022-04-22 11:18:02.858 [main] Log - Loading base url from data file...
[INFO ] 2022-04-22 11:18:02.859 [main] Log - Launching...
[INFO ] 2022-04-22 11:18:07.847 [main] Log - Url Launched Successfully...
[INFO ] 2022-04-22 11:18:12.797 [main] Log - Generated random email
[INFO ] 2022-04-22 11:18:13.856 [main] Log - Entered generated random mail
[INFO ] 2022-04-22 11:18:29.259 [main] Log - Initializing driver...
[INFO ] 2022-04-22 11:18:30.715 [main] Log - Loading base url from data file...
[INFO ] 2022-04-22 11:18:30.715 [main] Log - Launching...
[INFO ] 2022-04-22 11:18:34.957 [main] Log - Url Launched Successfully...
[INFO ] 2022-04-22 11:18:39.788 [main] Log - Generated random email
[INFO ] 2022-04-22 11:18:40.741 [main] Log - Entered generated random mail
[INFO ] 2022-04-22 11:19:24.037 [main] Log - Initializing driver...
[INFO ] 2022-04-22 11:19:25.447 [main] Log - Loading base url from data file...
[INFO ] 2022-04-22 11:19:25.447 [main] Log - Launching...
[INFO ] 2022-04-22 11:19:30.700 [main] Log - Url Launched Successfully...
[INFO ] 2022-04-22 11:19:35.549 [main] Log - Generated random email
[INFO ] 2022-04-22 11:19:36.599 [main] Log - Entered generated random mail
[INFO ] 2022-04-22 11:24:41.036 [main] Log - Initializing driver...
[INFO ] 2022-04-22 11:24:43.997 [main] Log - Loading base url from data file...
[INFO ] 2022-04-22 11:24:43.997 [main] Log - Launching...
[INFO ] 2022-04-22 11:24:47.612 [main] Log - Url Launched Successfully...
[INFO ] 2022-04-22 11:24:54.536 [main] Log - Generated random email
[INFO ] 2022-04-22 11:24:57.175 [main] Log - Entered generated random mail
[INFO ] 2022-04-22 11:45:06.533 [main] Log - Initializing driver...
[INFO ] 2022-04-22 11:45:08.668 [main] Log - Loading base url from data file...
[INFO ] 2022-04-22 11:45:08.668 [main] Log - Launching...
[INFO ] 2022-04-22 11:45:16.298 [main] Log - Url Launched Successfully...
[INFO ] 2022-04-22 11:45:21.181 [main] Log - Generated random email
[INFO ] 2022-04-22 11:45:22.687 [main] Log - Entered generated random mail
[INFO ] 2022-04-22 11:46:17.367 [main] Log - Initializing driver...
[INFO ] 2022-04-22 11:46:18.772 [main] Log - Loading base url from data file...
[INFO ] 2022-04-22 11:46:18.772 [main] Log - Launching...
[INFO ] 2022-04-22 11:46:23.877 [main] Log - Url Launched Successfully...
[INFO ] 2022-04-22 11:46:28.045 [main] Log - Generated random email
[INFO ] 2022-04-22 11:46:29.515 [main] Log - Entered generated random mail
[INFO ] 2022-04-22 12:16:38.692 [main] Log - Initializing driver...
[INFO ] 2022-04-22 12:16:40.348 [main] Log - Loading base url from data file...
[INFO ] 2022-04-22 12:16:40.348 [main] Log - Launching...
[INFO ] 2022-04-22 12:16:44.528 [main] Log - Url Launched Successfully...
[INFO ] 2022-04-22 12:16:47.387 [main] Log - Generated random email
[INFO ] 2022-04-22 12:16:47.550 [main] Log - Entered generated random mail
[INFO ] 2022-04-22 12:23:58.786 [main] Log - Initializing driver...
[INFO ] 2022-04-22 12:24:00.229 [main] Log - Loading base url from data file...
[INFO ] 2022-04-22 12:24:00.229 [main] Log - Launching...
[INFO ] 2022-04-22 12:24:36.689 [main] Log - Initializing driver...
[INFO ] 2022-04-22 12:24:38.164 [main] Log - Loading base url from data file...
[INFO ] 2022-04-22 12:24:38.165 [main] Log - Launching...
[INFO ] 2022-04-22 12:24:42.388 [main] Log - Url Launched Successfully...
[INFO ] 2022-04-22 12:24:45.742 [main] Log - Generated random email
[INFO ] 2022-04-22 12:24:52.992 [main] Log - Entered generated random mail
[INFO ] 2022-04-22 12:25:23.613 [main] Log - Initializing driver...
[INFO ] 2022-04-22 12:25:24.989 [main] Log - Loading base url from data file...
[INFO ] 2022-04-22 12:25:24.990 [main] Log - Launching...
[INFO ] 2022-04-22 12:25:29.262 [main] Log - Url Launched Successfully...
[INFO ] 2022-04-22 12:25:32.274 [main] Log - Generated random email
[INFO ] 2022-04-22 12:25:42.537 [main] Log - Entered generated random mail
[INFO ] 2022-04-22 12:32:29.208 [main] Log - Initializing driver...
[INFO ] 2022-04-22 12:32:30.620 [main] Log - Loading base url from data file...
[INFO ] 2022-04-22 12:32:30.620 [main] Log - Launching...
[INFO ] 2022-04-22 12:32:35.898 [main] Log - Url Launched Successfully...
[INFO ] 2022-04-22 12:32:38.819 [main] Log - Generated random email
[INFO ] 2022-04-22 12:32:49.126 [main] Log - Entered generated random mail
[INFO ] 2022-04-22 12:35:08.757 [main] Log - Initializing driver...
[INFO ] 2022-04-22 12:35:10.146 [main] Log - Loading base url from data file...
[INFO ] 2022-04-22 12:35:10.147 [main] Log - Launching...
[INFO ] 2022-04-22 12:35:15.868 [main] Log - Url Launched Successfully...
[INFO ] 2022-04-22 12:35:20.776 [main] Log - Generated random email
[INFO ] 2022-04-22 12:35:21.828 [main] Log - Entered generated random mail
[INFO ] 2022-04-22 12:38:10.867 [main] Log - Initializing driver...
[INFO ] 2022-04-22 12:38:12.275 [main] Log - Loading base url from data file...
[INFO ] 2022-04-22 12:38:12.276 [main] Log - Launching...
[INFO ] 2022-04-22 12:38:18.310 [main] Log - Url Launched Successfully...
[INFO ] 2022-04-22 12:38:24.340 [main] Log - Generated random email
[INFO ] 2022-04-22 12:38:24.515 [main] Log - Entered generated random mail
[INFO ] 2022-04-22 12:39:43.415 [main] Log - Initializing driver...
[INFO ] 2022-04-22 12:39:44.797 [main] Log - Loading base url from data file...
[INFO ] 2022-04-22 12:39:44.798 [main] Log - Launching...
[INFO ] 2022-04-22 12:39:49.897 [main] Log - Url Launched Successfully...
[INFO ] 2022-04-22 12:39:54.939 [main] Log - Generated random email
[INFO ] 2022-04-22 12:39:55.910 [main] Log - Entered generated random mail
[INFO ] 2022-04-22 12:40:27.346 [main] Log - Initializing driver...
[INFO ] 2022-04-22 12:41:51.378 [main] Log - Initializing driver...
[INFO ] 2022-04-22 12:41:52.794 [main] Log - Loading base url from data file...
[INFO ] 2022-04-22 12:41:52.794 [main] Log - Launching...
[INFO ] 2022-04-22 12:41:58.876 [main] Log - Url Launched Successfully...
[INFO ] 2022-04-22 12:42:04.281 [main] Log - Generated random email
[INFO ] 2022-04-22 12:42:04.454 [main] Log - Entered generated random mail
[INFO ] 2022-04-22 12:47:49.676 [main] Log - Initializing driver...
[INFO ] 2022-04-22 12:47:51.132 [main] Log - Loading base url from data file...
[INFO ] 2022-04-22 12:47:51.132 [main] Log - Launching...
[INFO ] 2022-04-22 12:47:56.948 [main] Log - Url Launched Successfully...
[INFO ] 2022-04-22 12:48:01.929 [main] Log - Generated random email
[INFO ] 2022-04-22 12:48:02.124 [main] Log - Entered generated random mail
[INFO ] 2022-04-22 12:54:12.380 [main] Log - Initializing driver...
[INFO ] 2022-04-22 12:54:13.761 [main] Log - Loading base url from data file...
[INFO ] 2022-04-22 12:54:13.761 [main] Log - Launching...
[INFO ] 2022-04-22 12:54:20.646 [main] Log - Url Launched Successfully...
[INFO ] 2022-04-22 12:54:26.195 [main] Log - Generated random email
[INFO ] 2022-04-22 12:55:11.545 [main] Log - Initializing driver...
[INFO ] 2022-04-22 12:55:13.029 [main] Log - Loading base url from data file...
[INFO ] 2022-04-22 12:55:13.029 [main] Log - Launching...
[INFO ] 2022-04-22 12:55:17.988 [main] Log - Url Launched Successfully...
[INFO ] 2022-04-22 12:55:22.549 [main] Log - Generated random email
[INFO ] 2022-04-22 12:56:18.116 [main] Log - Initializing driver...
[INFO ] 2022-04-22 12:56:19.504 [main] Log - Loading base url from data file...
[INFO ] 2022-04-22 12:56:19.504 [main] Log - Launching...
[INFO ] 2022-04-22 12:56:23.852 [main] Log - Url Launched Successfully...
[INFO ] 2022-04-22 12:56:28.960 [main] Log - Generated random email
[INFO ] 2022-04-22 12:56:37.190 [main] Log - Entered generated random mail
[INFO ] 2022-04-22 13:02:19.176 [main] Log - Initializing driver...
[INFO ] 2022-04-22 13:02:20.615 [main] Log - Loading base url from data file...
[INFO ] 2022-04-22 13:02:20.615 [main] Log - Launching...
[INFO ] 2022-04-22 13:02:25.543 [main] Log - Url Launched Successfully...
[INFO ] 2022-04-22 13:02:31.152 [main] Log - Generated random email
[INFO ] 2022-04-22 13:02:41.443 [main] Log - Entered generated random mail
[INFO ] 2022-04-22 13:04:05.125 [main] Log - Initializing driver...
[INFO ] 2022-04-22 13:04:06.500 [main] Log - Loading base url from data file...
[INFO ] 2022-04-22 13:04:06.500 [main] Log - Launching...
[INFO ] 2022-04-22 13:04:11.508 [main] Log - Url Launched Successfully...
[INFO ] 2022-04-22 13:04:17.375 [main] Log - Generated random email
[INFO ] 2022-04-22 13:04:17.590 [main] Log - Entered generated random mail
[INFO ] 2022-04-22 13:05:23.321 [main] Log - Initializing driver...
[INFO ] 2022-04-22 13:05:24.778 [main] Log - Loading base url from data file...
[INFO ] 2022-04-22 13:05:24.778 [main] Log - Launching...
[INFO ] 2022-04-22 13:05:27.467 [main] Log - Url Launched Successfully...
[INFO ] 2022-04-22 13:05:31.611 [main] Log - Generated random email
[INFO ] 2022-04-22 13:05:39.959 [main] Log - Entered generated random mail
[INFO ] 2022-04-22 13:55:34.098 [main] Log - Initializing driver...
[INFO ] 2022-04-22 13:55:35.630 [main] Log - Loading base url from data file...
[INFO ] 2022-04-22 13:55:35.630 [main] Log - Launching...
[INFO ] 2022-04-22 13:55:39.872 [main] Log - Url Launched Successfully...
[INFO ] 2022-04-22 13:55:47.720 [main] Log - Generated random email
[INFO ] 2022-04-22 13:55:47.906 [main] Log - Entered generated random mail
[INFO ] 2022-04-22 14:23:17.440 [main] Log - Initializing driver...
[INFO ] 2022-04-22 14:23:18.934 [main] Log - Loading base url from data file...
[INFO ] 2022-04-22 14:23:18.934 [main] Log - Launching...
[INFO ] 2022-04-22 14:23:24.922 [main] Log - Url Launched Successfully...
[INFO ] 2022-04-22 14:23:32.840 [main] Log - Generated random email
[INFO ] 2022-04-22 14:26:05.228 [main] Log - Initializing driver...
[INFO ] 2022-04-22 14:26:06.637 [main] Log - Loading base url from data file...
[INFO ] 2022-04-22 14:26:06.637 [main] Log - Launching...
[INFO ] 2022-04-22 14:26:11.628 [main] Log - Url Launched Successfully...
[INFO ] 2022-04-22 14:26:20.622 [main] Log - Generated random email
[INFO ] 2022-04-22 14:26:40.564 [main] Log - Entered generated random mail
[INFO ] 2022-04-22 14:28:16.679 [main] Log - Initializing driver...
[INFO ] 2022-04-22 14:28:18.075 [main] Log - Loading base url from data file...
[INFO ] 2022-04-22 14:28:18.076 [main] Log - Launching...
[INFO ] 2022-04-22 14:28:22.789 [main] Log - Url Launched Successfully...
[INFO ] 2022-04-22 14:28:32.931 [main] Log - Generated random email
[INFO ] 2022-04-22 14:28:33.167 [main] Log - Entered generated random mail
[INFO ] 2022-04-22 14:44:25.641 [main] Log - Initializing driver...
[INFO ] 2022-04-22 14:44:27.386 [main] Log - Loading base url from data file...
[INFO ] 2022-04-22 14:44:27.387 [main] Log - Launching...
[INFO ] 2022-04-22 14:44:32.447 [main] Log - Url Launched Successfully...
[INFO ] 2022-04-22 14:44:38.150 [main] Log - Generated random email
[INFO ] 2022-04-22 14:44:39.323 [main] Log - Entered generated random mail
[INFO ] 2022-04-22 14:56:42.865 [main] Log - Initializing driver...
[INFO ] 2022-04-22 14:56:44.629 [main] Log - Loading base url from data file...
[INFO ] 2022-04-22 14:56:44.629 [main] Log - Launching...
[INFO ] 2022-04-22 14:56:51.180 [main] Log - Url Launched Successfully...
[INFO ] 2022-04-22 14:56:56.129 [main] Log - Generated random email
[INFO ] 2022-04-22 14:56:59.841 [main] Log - Entered generated random mail
[INFO ] 2022-04-22 14:57:06.957 [main] Log - Clicked on refresh button
[INFO ] 2022-04-22 15:22:33.313 [main] Log - Initializing driver...
[INFO ] 2022-04-22 15:22:34.674 [main] Log - Loading base url from data file...
[INFO ] 2022-04-22 15:22:34.674 [main] Log - Launching...
[INFO ] 2022-04-22 15:22:39.712 [main] Log - Url Launched Successfully...
[INFO ] 2022-04-22 15:22:44.665 [main] Log - Generated random email
[INFO ] 2022-04-22 15:22:47.888 [main] Log - Entered generated random mail
[INFO ] 2022-04-22 15:22:55.005 [main] Log - Clicked on refresh button
[INFO ] 2022-04-22 15:24:40.322 [main] Log - Initializing driver...
[INFO ] 2022-04-22 15:24:41.693 [main] Log - Loading base url from data file...
[INFO ] 2022-04-22 15:24:41.693 [main] Log - Launching...
[INFO ] 2022-04-22 15:24:46.719 [main] Log - Url Launched Successfully...
[INFO ] 2022-04-22 15:24:55.883 [main] Log - Generated random email
[INFO ] 2022-04-22 15:24:56.092 [main] Log - Entered generated random mail
[INFO ] 2022-04-22 15:25:38.686 [main] Log - Initializing driver...
[INFO ] 2022-04-22 15:25:40.053 [main] Log - Loading base url from data file...
[INFO ] 2022-04-22 15:25:40.053 [main] Log - Launching...
[INFO ] 2022-04-22 15:25:42.248 [main] Log - Url Launched Successfully...
[INFO ] 2022-04-22 15:25:52.519 [main] Log - Generated random email
[INFO ] 2022-04-22 15:25:52.713 [main] Log - Entered generated random mail
[INFO ] 2022-04-22 15:29:34.048 [main] Log - Initializing driver...
[INFO ] 2022-04-22 15:29:35.436 [main] Log - Loading base url from data file...
[INFO ] 2022-04-22 15:29:35.436 [main] Log - Launching...
[INFO ] 2022-04-22 15:29:40.709 [main] Log - Url Launched Successfully...
[INFO ] 2022-04-22 15:29:48.531 [main] Log - Generated random email
[INFO ] 2022-04-22 15:29:48.755 [main] Log - Entered generated random mail
[INFO ] 2022-04-22 15:30:53.805 [main] Log - Initializing driver...
[INFO ] 2022-04-22 15:30:55.174 [main] Log - Loading base url from data file...
[INFO ] 2022-04-22 15:30:55.175 [main] Log - Launching...
[INFO ] 2022-04-22 15:31:00.313 [main] Log - Url Launched Successfully...
[INFO ] 2022-04-22 15:31:14.802 [main] Log - Generated random email
[INFO ] 2022-04-22 15:31:15.031 [main] Log - Entered generated random mail
[INFO ] 2022-04-22 15:32:57.423 [main] Log - Initializing driver...
[INFO ] 2022-04-22 15:32:58.851 [main] Log - Loading base url from data file...
[INFO ] 2022-04-22 15:32:58.851 [main] Log - Launching...
[INFO ] 2022-04-22 15:33:03.934 [main] Log - Url Launched Successfully...
[INFO ] 2022-04-22 15:33:14.666 [main] Log - Generated random email
[INFO ] 2022-04-22 15:33:44.203 [main] Log - Initializing driver...
[INFO ] 2022-04-22 15:33:45.604 [main] Log - Loading base url from data file...
[INFO ] 2022-04-22 15:33:45.604 [main] Log - Launching...
[INFO ] 2022-04-22 15:33:50.773 [main] Log - Url Launched Successfully...
[INFO ] 2022-04-22 15:34:02.390 [main] Log - Generated random email
[INFO ] 2022-04-22 15:34:02.850 [main] Log - Entered generated random mail
[INFO ] 2022-04-22 15:34:49.304 [main] Log - Initializing driver...
[INFO ] 2022-04-22 15:34:51.528 [main] Log - Loading base url from data file...
[INFO ] 2022-04-22 15:34:51.528 [main] Log - Launching...
[INFO ] 2022-04-22 15:34:57.790 [main] Log - Url Launched Successfully...
[INFO ] 2022-04-22 15:35:05.627 [main] Log - Generated random email
[INFO ] 2022-04-22 15:35:06.183 [main] Log - Entered generated random mail
[INFO ] 2022-04-22 15:35:45.426 [main] Log - Initializing driver...
[INFO ] 2022-04-22 15:35:48.187 [main] Log - Loading base url from data file...
[INFO ] 2022-04-22 15:35:48.187 [main] Log - Launching...
[INFO ] 2022-04-22 15:35:55.569 [main] Log - Url Launched Successfully...
[INFO ] 2022-04-22 15:36:04.551 [main] Log - Generated random email
[INFO ] 2022-04-22 15:36:04.837 [main] Log - Entered generated random mail
[INFO ] 2022-04-22 15:42:26.655 [main] Log - Initializing driver...
[INFO ] 2022-04-22 15:42:28.822 [main] Log - Loading base url from data file...
[INFO ] 2022-04-22 15:42:28.822 [main] Log - Launching...
[INFO ] 2022-04-22 15:42:34.283 [main] Log - Url Launched Successfully...
[INFO ] 2022-04-22 15:42:44.090 [main] Log - Generated random email
[INFO ] 2022-04-22 15:42:44.619 [main] Log - Entered generated random mail
[INFO ] 2022-04-22 15:45:23.179 [main] Log - Initializing driver...
[INFO ] 2022-04-22 15:45:25.293 [main] Log - Loading base url from data file...
[INFO ] 2022-04-22 15:45:25.293 [main] Log - Launching...
[INFO ] 2022-04-22 15:45:30.720 [main] Log - Url Launched Successfully...
[INFO ] 2022-04-22 15:45:39.428 [main] Log - Generated random email
[INFO ] 2022-04-22 15:45:39.856 [main] Log - Entered generated random mail
[INFO ] 2022-04-22 16:26:49.863 [main] Log - Initializing driver...
[INFO ] 2022-04-22 16:26:52.455 [main] Log - Loading base url from data file...
[INFO ] 2022-04-22 16:26:52.456 [main] Log - Launching...
[INFO ] 2022-04-22 16:26:55.343 [main] Log - Url Launched Successfully...
[INFO ] 2022-04-22 16:27:03.119 [main] Log - Generated random email
[INFO ] 2022-04-22 16:27:03.568 [main] Log - Entered generated random mail
[INFO ] 2022-04-22 16:27:39.515 [main] Log - Initializing driver...
[INFO ] 2022-04-22 16:27:41.728 [main] Log - Loading base url from data file...
[INFO ] 2022-04-22 16:27:41.729 [main] Log - Launching...
[INFO ] 2022-04-22 16:27:46.481 [main] Log - Url Launched Successfully...
[INFO ] 2022-04-22 16:27:54.450 [main] Log - Generated random email
[INFO ] 2022-04-22 16:27:54.974 [main] Log - Entered generated random mail
[INFO ] 2022-04-22 16:30:04.109 [main] Log - Initializing driver...
[INFO ] 2022-04-22 16:30:06.308 [main] Log - Loading base url from data file...
[INFO ] 2022-04-22 16:30:06.308 [main] Log - Launching...
[INFO ] 2022-04-22 16:30:12.090 [main] Log - Url Launched Successfully...
[INFO ] 2022-04-22 16:30:19.424 [main] Log - Generated random email
[INFO ] 2022-04-22 16:30:19.921 [main] Log - Entered generated random mail
[INFO ] 2022-04-22 16:32:16.081 [main] Log - Initializing driver...
[INFO ] 2022-04-22 16:32:18.382 [main] Log - Loading base url from data file...
[INFO ] 2022-04-22 16:32:18.382 [main] Log - Launching...
[INFO ] 2022-04-22 16:32:25.069 [main] Log - Url Launched Successfully...
[INFO ] 2022-04-22 16:32:37.616 [main] Log - Generated random email
[INFO ] 2022-04-22 16:33:07.401 [main] Log - Initializing driver...
[INFO ] 2022-04-22 16:33:10.232 [main] Log - Loading base url from data file...
[INFO ] 2022-04-22 16:33:10.232 [main] Log - Launching...
[INFO ] 2022-04-22 16:33:15.969 [main] Log - Url Launched Successfully...
[INFO ] 2022-04-22 16:33:23.532 [main] Log - Generated random email
[INFO ] 2022-04-22 16:34:05.441 [main] Log - Initializing driver...
[INFO ] 2022-04-22 16:34:07.753 [main] Log - Loading base url from data file...
[INFO ] 2022-04-22 16:34:07.753 [main] Log - Launching...
[INFO ] 2022-04-22 16:34:14.059 [main] Log - Url Launched Successfully...
[INFO ] 2022-04-22 16:34:23.107 [main] Log - Generated random email
[INFO ] 2022-04-22 16:34:23.554 [main] Log - Entered generated random mail
[INFO ] 2022-04-22 16:35:01.970 [main] Log - Initializing driver...
[INFO ] 2022-04-22 16:35:04.205 [main] Log - Loading base url from data file...
[INFO ] 2022-04-22 16:35:04.210 [main] Log - Launching...
[INFO ] 2022-04-22 16:35:08.329 [main] Log - Url Launched Successfully...
[INFO ] 2022-04-22 16:35:36.271 [main] Log - Generated random email
[INFO ] 2022-04-22 16:35:56.936 [main] Log - Initializing driver...
[INFO ] 2022-04-22 16:35:59.033 [main] Log - Loading base url from data file...
[INFO ] 2022-04-22 16:35:59.033 [main] Log - Launching...
[INFO ] 2022-04-22 16:36:04.204 [main] Log - Url Launched Successfully...
[INFO ] 2022-04-22 16:36:11.084 [main] Log - Generated random email
[INFO ] 2022-04-22 16:36:11.541 [main] Log - Entered generated random mail
[INFO ] 2022-04-22 16:36:46.039 [main] Log - Initializing driver...
[INFO ] 2022-04-22 16:36:48.211 [main] Log - Loading base url from data file...
[INFO ] 2022-04-22 16:36:48.211 [main] Log - Launching...
[INFO ] 2022-04-22 16:36:54.419 [main] Log - Url Launched Successfully...
[INFO ] 2022-04-22 16:37:03.217 [main] Log - Generated random email
[INFO ] 2022-04-22 16:37:03.694 [main] Log - Entered generated random mail
[INFO ] 2022-04-22 16:38:53.169 [main] Log - Initializing driver...
[INFO ] 2022-04-22 16:38:55.407 [main] Log - Loading base url from data file...
[INFO ] 2022-04-22 16:38:55.407 [main] Log - Launching...
[INFO ] 2022-04-22 16:39:01.255 [main] Log - Url Launched Successfully...
[INFO ] 2022-04-22 16:39:27.194 [main] Log - Initializing driver...
[INFO ] 2022-04-22 16:39:29.395 [main] Log - Loading base url from data file...
[INFO ] 2022-04-22 16:39:29.395 [main] Log - Launching...
[INFO ] 2022-04-22 16:39:34.656 [main] Log - Url Launched Successfully...
[INFO ] 2022-04-22 16:39:41.295 [main] Log - Generated random email
[INFO ] 2022-04-22 16:39:41.786 [main] Log - Entered generated random mail
[INFO ] 2022-04-22 16:42:22.416 [main] Log - Initializing driver...
[INFO ] 2022-04-22 16:42:24.725 [main] Log - Loading base url from data file...
[INFO ] 2022-04-22 16:42:24.725 [main] Log - Launching...
[INFO ] 2022-04-22 16:42:30.549 [main] Log - Url Launched Successfully...
[INFO ] 2022-04-22 16:42:38.315 [main] Log - Generated random email
[INFO ] 2022-04-22 16:43:31.223 [main] Log - Initializing driver...
[INFO ] 2022-04-22 16:43:33.444 [main] Log - Loading base url from data file...
[INFO ] 2022-04-22 16:43:33.452 [main] Log - Launching...
[INFO ] 2022-04-22 16:43:39.500 [main] Log - Url Launched Successfully...
[INFO ] 2022-04-22 16:43:50.842 [main] Log - Generated random email
[INFO ] 2022-04-22 16:43:51.262 [main] Log - Entered generated random mail
[INFO ] 2022-04-22 16:47:31.462 [main] Log - Initializing driver...
[INFO ] 2022-04-22 16:47:33.605 [main] Log - Loading base url from data file...
[INFO ] 2022-04-22 16:47:33.605 [main] Log - Launching...
[INFO ] 2022-04-22 16:47:39.736 [main] Log - Url Launched Successfully...
[INFO ] 2022-04-22 16:47:51.291 [main] Log - Generated random email
[INFO ] 2022-04-22 16:47:51.775 [main] Log - Entered generated random mail
[INFO ] 2022-04-22 16:52:15.601 [main] Log - Initializing driver...
[INFO ] 2022-04-22 16:52:17.845 [main] Log - Loading base url from data file...
[INFO ] 2022-04-22 16:52:17.846 [main] Log - Launching...
[INFO ] 2022-04-22 16:52:24.834 [main] Log - Url Launched Successfully...
[INFO ] 2022-04-22 16:52:36.100 [main] Log - Generated random email
[INFO ] 2022-04-22 16:52:36.601 [main] Log - Entered generated random mail
[INFO ] 2022-04-22 16:57:37.297 [main] Log - Initializing driver...
[INFO ] 2022-04-22 16:57:39.853 [main] Log - Loading base url from data file...
[INFO ] 2022-04-22 16:57:39.854 [main] Log - Launching...
[INFO ] 2022-04-22 16:57:46.105 [main] Log - Url Launched Successfully...
[INFO ] 2022-04-22 16:57:57.118 [main] Log - Generated random email
[INFO ] 2022-04-22 16:57:57.592 [main] Log - Entered generated random mail
[INFO ] 2022-04-22 16:58:22.159 [main] Log - Initializing driver...
[INFO ] 2022-04-22 16:58:24.483 [main] Log - Loading base url from data file...
[INFO ] 2022-04-22 16:58:24.484 [main] Log - Launching...
[INFO ] 2022-04-22 16:58:30.627 [main] Log - Url Launched Successfully...
[INFO ] 2022-04-22 16:58:41.479 [main] Log - Generated random email
[INFO ] 2022-04-22 16:58:41.955 [main] Log - Entered generated random mail
[INFO ] 2022-04-22 17:00:05.916 [main] Log - Initializing driver...
[INFO ] 2022-04-22 17:00:08.206 [main] Log - Loading base url from data file...
[INFO ] 2022-04-22 17:00:08.207 [main] Log - Launching...
[INFO ] 2022-04-22 17:00:14.301 [main] Log - Url Launched Successfully...
[INFO ] 2022-04-22 17:00:24.634 [main] Log - Generated random email
[INFO ] 2022-04-22 17:01:02.039 [main] Log - Initializing driver...
[INFO ] 2022-04-22 17:01:04.584 [main] Log - Loading base url from data file...
[INFO ] 2022-04-22 17:01:04.584 [main] Log - Launching...
[INFO ] 2022-04-22 17:01:08.119 [main] Log - Url Launched Successfully...
[INFO ] 2022-04-22 17:01:18.550 [main] Log - Generated random email
[INFO ] 2022-04-22 17:01:18.960 [main] Log - Entered generated random mail
[INFO ] 2022-04-22 17:03:03.700 [main] Log - Initializing driver...
[INFO ] 2022-04-22 17:03:06.111 [main] Log - Loading base url from data file...
[INFO ] 2022-04-22 17:03:06.112 [main] Log - Launching...
[INFO ] 2022-04-22 17:03:12.776 [main] Log - Url Launched Successfully...
[INFO ] 2022-04-22 17:03:25.301 [main] Log - Generated random email
[INFO ] 2022-04-22 17:03:37.535 [main] Log - Initializing driver...
[INFO ] 2022-04-22 17:04:00.234 [main] Log - Initializing driver...
[INFO ] 2022-04-22 17:04:02.529 [main] Log - Loading base url from data file...
[INFO ] 2022-04-22 17:04:02.529 [main] Log - Launching...
[INFO ] 2022-04-22 17:04:08.526 [main] Log - Url Launched Successfully...
[INFO ] 2022-04-22 17:04:20.208 [main] Log - Generated random email
[INFO ] 2022-04-22 17:04:20.663 [main] Log - Entered generated random mail
[INFO ] 2022-04-22 17:05:26.232 [main] Log - Initializing driver...
[INFO ] 2022-04-22 17:05:28.811 [main] Log - Loading base url from data file...
[INFO ] 2022-04-22 17:05:28.811 [main] Log - Launching...
[INFO ] 2022-04-22 17:05:35.468 [main] Log - Url Launched Successfully...
[INFO ] 2022-04-22 17:05:49.037 [main] Log - Generated random email
[INFO ] 2022-04-22 17:05:49.627 [main] Log - Entered generated random mail
[INFO ] 2022-04-22 17:06:55.710 [main] Log - Initializing driver...
[INFO ] 2022-04-22 17:06:58.201 [main] Log - Loading base url from data file...
[INFO ] 2022-04-22 17:06:58.204 [main] Log - Launching...
[INFO ] 2022-04-22 17:07:04.261 [main] Log - Url Launched Successfully...
[INFO ] 2022-04-22 17:07:15.735 [main] Log - Generated random email
[INFO ] 2022-04-22 17:07:32.173 [main] Log - Initializing driver...
[INFO ] 2022-04-22 17:07:34.532 [main] Log - Loading base url from data file...
[INFO ] 2022-04-22 17:07:34.532 [main] Log - Launching...
[INFO ] 2022-04-22 17:07:41.133 [main] Log - Url Launched Successfully...
[INFO ] 2022-04-22 17:07:49.170 [main] Log - Generated random email
[INFO ] 2022-04-22 17:07:49.726 [main] Log - Entered generated random mail
[INFO ] 2022-04-22 17:08:12.259 [main] Log - Initializing driver...
[INFO ] 2022-04-22 17:08:14.938 [main] Log - Loading base url from data file...
[INFO ] 2022-04-22 17:08:14.940 [main] Log - Launching...
[INFO ] 2022-04-22 17:08:21.008 [main] Log - Url Launched Successfully...
[INFO ] 2022-04-22 17:08:30.298 [main] Log - Generated random email
[INFO ] 2022-04-22 17:08:48.644 [main] Log - Initializing driver...
[INFO ] 2022-04-22 17:08:51.372 [main] Log - Loading base url from data file...
[INFO ] 2022-04-22 17:08:51.373 [main] Log - Launching...
[INFO ] 2022-04-22 17:08:57.281 [main] Log - Url Launched Successfully...
[INFO ] 2022-04-22 17:09:03.722 [main] Log - Generated random email
[INFO ] 2022-04-22 17:09:04.189 [main] Log - Entered generated random mail
[INFO ] 2022-04-22 17:25:42.762 [main] Log - Initializing driver...
[INFO ] 2022-04-22 17:25:45.034 [main] Log - Loading base url from data file...
[INFO ] 2022-04-22 17:25:45.034 [main] Log - Launching...
[INFO ] 2022-04-22 17:25:48.469 [main] Log - Url Launched Successfully...
[INFO ] 2022-04-22 17:25:53.296 [main] Log - Generated random email
[INFO ] 2022-04-22 17:25:53.655 [main] Log - Entered generated random mail
[INFO ] 2022-04-22 17:26:57.113 [main] Log - Initializing driver...
[INFO ] 2022-04-22 17:26:59.668 [main] Log - Loading base url from data file...
[INFO ] 2022-04-22 17:26:59.668 [main] Log - Launching...
[INFO ] 2022-04-22 17:27:05.653 [main] Log - Url Launched Successfully...
[INFO ] 2022-04-22 17:27:12.166 [main] Log - Generated random email
[INFO ] 2022-04-22 17:27:12.674 [main] Log - Entered generated random mail
[INFO ] 2022-04-22 17:29:01.234 [main] Log - Initializing driver...
[INFO ] 2022-04-22 17:29:03.191 [main] Log - Loading base url from data file...
[INFO ] 2022-04-22 17:29:03.191 [main] Log - Launching...
[INFO ] 2022-04-22 17:29:10.313 [main] Log - Url Launched Successfully...
[INFO ] 2022-04-22 17:29:16.275 [main] Log - Generated random email
[INFO ] 2022-04-22 17:29:16.655 [main] Log - Entered generated random mail
[INFO ] 2022-04-22 17:36:28.968 [main] Log - Initializing driver...
[INFO ] 2022-04-22 17:36:31.088 [main] Log - Loading base url from data file...
[INFO ] 2022-04-22 17:36:31.088 [main] Log - Launching...
[INFO ] 2022-04-22 17:36:33.770 [main] Log - Url Launched Successfully...
[INFO ] 2022-04-22 17:36:39.799 [main] Log - Generated random email
[INFO ] 2022-04-22 17:36:40.212 [main] Log - Entered generated random mail
[INFO ] 2022-04-22 17:43:57.136 [main] Log - Initializing driver...
[INFO ] 2022-04-22 17:43:59.205 [main] Log - Loading base url from data file...
[INFO ] 2022-04-22 17:43:59.205 [main] Log - Launching...
[INFO ] 2022-04-22 17:44:07.259 [main] Log - Url Launched Successfully...
[INFO ] 2022-04-22 17:44:13.556 [main] Log - Generated random email
[INFO ] 2022-04-22 17:44:13.944 [main] Log - Entered generated random mail
[INFO ] 2022-04-22 17:44:56.037 [main] Log - Initializing driver...
[INFO ] 2022-04-22 17:44:58.341 [main] Log - Loading base url from data file...
[INFO ] 2022-04-22 17:44:58.349 [main] Log - Launching...
[INFO ] 2022-04-22 17:45:04.741 [main] Log - Url Launched Successfully...
[INFO ] 2022-04-22 17:45:09.657 [main] Log - Generated random email
[INFO ] 2022-04-22 17:45:10.011 [main] Log - Entered generated random mail
[INFO ] 2022-04-22 17:46:23.727 [main] Log - Initializing driver...
[INFO ] 2022-04-22 17:46:26.068 [main] Log - Loading base url from data file...
[INFO ] 2022-04-22 17:46:26.068 [main] Log - Launching...
[INFO ] 2022-04-22 17:46:32.952 [main] Log - Url Launched Successfully...
[INFO ] 2022-04-22 17:46:39.185 [main] Log - Generated random email
[INFO ] 2022-04-22 17:47:01.377 [main] Log - Initializing driver...
[INFO ] 2022-04-22 17:47:03.692 [main] Log - Loading base url from data file...
[INFO ] 2022-04-22 17:47:03.692 [main] Log - Launching...
[INFO ] 2022-04-22 17:47:06.869 [main] Log - Url Launched Successfully...
[INFO ] 2022-04-22 17:47:13.354 [main] Log - Generated random email
[INFO ] 2022-04-22 17:47:13.730 [main] Log - Entered generated random mail
[INFO ] 2022-04-22 17:49:00.915 [main] Log - Initializing driver...
[INFO ] 2022-04-22 17:49:03.204 [main] Log - Loading base url from data file...
[INFO ] 2022-04-22 17:49:03.204 [main] Log - Launching...
[INFO ] 2022-04-22 17:49:11.211 [main] Log - Url Launched Successfully...
[INFO ] 2022-04-22 17:49:17.441 [main] Log - Generated random email
[INFO ] 2022-04-22 17:49:17.926 [main] Log - Entered generated random mail
[INFO ] 2022-04-22 17:50:23.232 [main] Log - Initializing driver...
[INFO ] 2022-04-22 17:50:25.541 [main] Log - Loading base url from data file...
[INFO ] 2022-04-22 17:50:25.541 [main] Log - Launching...
[INFO ] 2022-04-22 17:50:27.928 [main] Log - Url Launched Successfully...
[INFO ] 2022-04-22 17:50:33.113 [main] Log - Generated random email
[INFO ] 2022-04-22 17:50:42.799 [main] Log - Initializing driver...
[INFO ] 2022-04-22 17:50:45.036 [main] Log - Loading base url from data file...
[INFO ] 2022-04-22 17:50:45.036 [main] Log - Launching...
[INFO ] 2022-04-22 17:50:50.904 [main] Log - Url Launched Successfully...
[INFO ] 2022-04-22 17:50:56.656 [main] Log - Generated random email
[INFO ] 2022-04-22 17:50:57.019 [main] Log - Entered generated random mail
[INFO ] 2022-04-22 17:52:04.978 [main] Log - Initializing driver...
[INFO ] 2022-04-22 17:52:07.285 [main] Log - Loading base url from data file...
[INFO ] 2022-04-22 17:52:07.285 [main] Log - Launching...
[INFO ] 2022-04-22 17:52:14.250 [main] Log - Url Launched Successfully...
[INFO ] 2022-04-22 17:52:23.890 [main] Log - Generated random email
[INFO ] 2022-04-22 17:52:33.264 [main] Log - Initializing driver...
[INFO ] 2022-04-22 17:52:35.391 [main] Log - Loading base url from data file...
[INFO ] 2022-04-22 17:52:35.392 [main] Log - Launching...
[INFO ] 2022-04-22 17:52:42.687 [main] Log - Url Launched Successfully...
[INFO ] 2022-04-22 17:52:48.585 [main] Log - Generated random email
[INFO ] 2022-04-22 17:52:48.947 [main] Log - Entered generated random mail
[INFO ] 2022-04-22 18:10:29.269 [main] Log - Initializing driver...
[INFO ] 2022-04-22 18:10:30.880 [main] Log - Loading base url from data file...
[INFO ] 2022-04-22 18:10:30.880 [main] Log - Launching...
[INFO ] 2022-04-22 18:10:36.439 [main] Log - Url Launched Successfully...
[INFO ] 2022-04-22 18:10:42.477 [main] Log - Generated random email
[INFO ] 2022-04-22 18:10:42.722 [main] Log - Entered generated random mail
[INFO ] 2022-04-22 18:12:06.510 [main] Log - Initializing driver...
[INFO ] 2022-04-22 18:12:08.017 [main] Log - Loading base url from data file...
[INFO ] 2022-04-22 18:12:08.018 [main] Log - Launching...
[INFO ] 2022-04-22 18:12:13.505 [main] Log - Url Launched Successfully...
[INFO ] 2022-04-22 18:12:17.834 [main] Log - Generated random email
[INFO ] 2022-04-22 18:12:18.058 [main] Log - Entered generated random mail
[INFO ] 2022-04-22 18:28:47.297 [main] Log - Initializing driver...
[INFO ] 2022-04-22 18:28:49.136 [main] Log - Loading base url from data file...
[INFO ] 2022-04-22 18:28:49.136 [main] Log - Launching...
[INFO ] 2022-04-22 18:28:53.972 [main] Log - Url Launched Successfully...
[INFO ] 2022-04-22 18:28:59.193 [main] Log - Generated random email
[INFO ] 2022-04-22 18:28:59.414 [main] Log - Entered generated random mail
[INFO ] 2022-04-22 18:44:17.067 [main] Log - Initializing driver...
[INFO ] 2022-04-22 18:44:18.400 [main] Log - Loading base url from data file...
[INFO ] 2022-04-22 18:44:18.400 [main] Log - Launching...
[INFO ] 2022-04-22 18:44:24.035 [main] Log - Url Launched Successfully...
[INFO ] 2022-04-22 18:44:30.530 [main] Log - Generated random email
[INFO ] 2022-04-22 18:44:49.992 [main] Log - Initializing driver...
[INFO ] 2022-04-22 18:44:51.336 [main] Log - Loading base url from data file...
[INFO ] 2022-04-22 18:44:51.337 [main] Log - Launching...
[INFO ] 2022-04-22 18:44:56.981 [main] Log - Url Launched Successfully...
[INFO ] 2022-04-22 18:45:02.928 [main] Log - Generated random email
[INFO ] 2022-04-22 18:45:03.154 [main] Log - Entered generated random mail
[INFO ] 2022-04-22 18:45:57.181 [main] Log - Initializing driver...
[INFO ] 2022-04-22 18:45:58.693 [main] Log - Loading base url from data file...
[INFO ] 2022-04-22 18:45:58.693 [main] Log - Launching...
[INFO ] 2022-04-22 18:46:04.964 [main] Log - Url Launched Successfully...
[INFO ] 2022-04-22 18:46:10.336 [main] Log - Generated random email
[INFO ] 2022-04-22 18:46:18.512 [main] Log - Initializing driver...
[INFO ] 2022-04-22 18:46:20.047 [main] Log - Loading base url from data file...
[INFO ] 2022-04-22 18:46:20.047 [main] Log - Launching...
[INFO ] 2022-04-22 18:46:24.801 [main] Log - Url Launched Successfully...
[INFO ] 2022-04-22 18:46:29.985 [main] Log - Generated random email
[INFO ] 2022-04-22 18:46:42.510 [main] Log - Initializing driver...
[INFO ] 2022-04-22 18:46:43.947 [main] Log - Loading base url from data file...
[INFO ] 2022-04-22 18:46:43.947 [main] Log - Launching...
[INFO ] 2022-04-22 18:46:50.509 [main] Log - Url Launched Successfully...
[INFO ] 2022-04-22 18:46:56.198 [main] Log - Generated random email
[INFO ] 2022-04-22 18:46:56.421 [main] Log - Entered generated random mail
[INFO ] 2022-04-22 18:48:53.844 [main] Log - Initializing driver...
[INFO ] 2022-04-22 18:48:55.269 [main] Log - Loading base url from data file...
[INFO ] 2022-04-22 18:48:55.269 [main] Log - Launching...
[INFO ] 2022-04-22 18:49:01.583 [main] Log - Url Launched Successfully...
[INFO ] 2022-04-22 18:49:06.360 [main] Log - Generated random email
[INFO ] 2022-04-22 18:49:06.559 [main] Log - Entered generated random mail
[INFO ] 2022-04-22 18:51:47.388 [main] Log - Initializing driver...
[INFO ] 2022-04-22 18:51:48.769 [main] Log - Loading base url from data file...
[INFO ] 2022-04-22 18:51:48.769 [main] Log - Launching...
[INFO ] 2022-04-22 18:51:53.520 [main] Log - Url Launched Successfully...
[INFO ] 2022-04-22 18:51:59.294 [main] Log - Generated random email
[INFO ] 2022-04-22 18:51:59.505 [main] Log - Entered generated random mail
[INFO ] 2022-04-22 18:53:14.009 [main] Log - Initializing driver...
[INFO ] 2022-04-22 18:53:15.567 [main] Log - Loading base url from data file...
[INFO ] 2022-04-22 18:53:15.567 [main] Log - Launching...
[INFO ] 2022-04-22 18:53:21.206 [main] Log - Url Launched Successfully...
[INFO ] 2022-04-22 18:53:26.581 [main] Log - Generated random email
[INFO ] 2022-04-22 18:53:26.805 [main] Log - Entered generated random mail
[INFO ] 2022-04-22 18:55:58.779 [main] Log - Initializing driver...
[INFO ] 2022-04-22 18:56:00.211 [main] Log - Loading base url from data file...
[INFO ] 2022-04-22 18:56:00.212 [main] Log - Launching...
[INFO ] 2022-04-22 18:56:06.446 [main] Log - Url Launched Successfully...
[INFO ] 2022-04-22 18:56:11.970 [main] Log - Generated random email
[INFO ] 2022-04-22 18:56:12.165 [main] Log - Entered generated random mail
[INFO ] 2022-04-22 18:57:47.484 [main] Log - Initializing driver...
[INFO ] 2022-04-22 18:57:48.899 [main] Log - Loading base url from data file...
[INFO ] 2022-04-22 18:57:48.900 [main] Log - Launching...
[INFO ] 2022-04-22 18:57:53.492 [main] Log - Url Launched Successfully...
[INFO ] 2022-04-22 18:57:57.756 [main] Log - Generated random email
[INFO ] 2022-04-22 18:57:57.978 [main] Log - Entered generated random mail
[INFO ] 2022-04-22 18:59:44.776 [main] Log - Initializing driver...
[INFO ] 2022-04-22 18:59:46.140 [main] Log - Loading base url from data file...
[INFO ] 2022-04-22 18:59:46.141 [main] Log - Launching...
[INFO ] 2022-04-22 18:59:53.600 [main] Log - Url Launched Successfully...
[INFO ] 2022-04-22 18:59:59.231 [main] Log - Generated random email
[INFO ] 2022-04-22 18:59:59.439 [main] Log - Entered generated random mail
[INFO ] 2022-04-22 19:01:38.198 [main] Log - Initializing driver...
[INFO ] 2022-04-22 19:01:39.599 [main] Log - Loading base url from data file...
[INFO ] 2022-04-22 19:01:39.600 [main] Log - Launching...
[INFO ] 2022-04-22 19:01:45.169 [main] Log - Url Launched Successfully...
[INFO ] 2022-04-22 19:01:49.451 [main] Log - Generated random email
[INFO ] 2022-04-22 19:01:49.649 [main] Log - Entered generated random mail
[INFO ] 2022-04-22 19:04:35.327 [main] Log - Initializing driver...
[INFO ] 2022-04-22 19:04:36.769 [main] Log - Loading base url from data file...
[INFO ] 2022-04-22 19:04:36.770 [main] Log - Launching...
[INFO ] 2022-04-22 19:04:42.519 [main] Log - Url Launched Successfully...
[INFO ] 2022-04-22 19:04:48.135 [main] Log - Generated random email
[INFO ] 2022-04-22 19:04:48.395 [main] Log - Entered generated random mail
[INFO ] 2022-04-22 19:08:13.905 [main] Log - Initializing driver...
[INFO ] 2022-04-22 19:08:15.295 [main] Log - Loading base url from data file...
[INFO ] 2022-04-22 19:08:15.295 [main] Log - Launching...
[INFO ] 2022-04-22 19:08:21.180 [main] Log - Url Launched Successfully...
[INFO ] 2022-04-22 19:08:26.602 [main] Log - Generated random email
[INFO ] 2022-04-22 19:08:26.810 [main] Log - Entered generated random mail
[INFO ] 2022-04-22 19:09:42.334 [main] Log - Initializing driver...
[INFO ] 2022-04-22 19:09:43.719 [main] Log - Loading base url from data file...
[INFO ] 2022-04-22 19:09:43.720 [main] Log - Launching...
[INFO ] 2022-04-22 19:09:48.753 [main] Log - Url Launched Successfully...
[INFO ] 2022-04-22 19:09:54.450 [main] Log - Generated random email
[INFO ] 2022-04-22 19:09:54.654 [main] Log - Entered generated random mail
[INFO ] 2022-04-22 19:18:25.146 [main] Log - Initializing driver...
[INFO ] 2022-04-22 19:18:26.562 [main] Log - Loading base url from data file...
[INFO ] 2022-04-22 19:18:26.562 [main] Log - Launching...
[INFO ] 2022-04-22 19:18:33.402 [main] Log - Url Launched Successfully...
[INFO ] 2022-04-22 19:18:37.978 [main] Log - Generated random email
[INFO ] 2022-04-22 19:18:38.176 [main] Log - Entered generated random mail
[INFO ] 2022-04-22 19:27:26.066 [main] Log - Initializing driver...
[INFO ] 2022-04-22 19:27:27.474 [main] Log - Loading base url from data file...
[INFO ] 2022-04-22 19:27:27.474 [main] Log - Launching...
[INFO ] 2022-04-22 19:27:33.090 [main] Log - Url Launched Successfully...
[INFO ] 2022-04-22 19:27:37.757 [main] Log - Generated random email
[INFO ] 2022-04-22 19:27:37.977 [main] Log - Entered generated random mail
[INFO ] 2022-04-22 19:29:40.004 [main] Log - Initializing driver...
[INFO ] 2022-04-22 19:29:41.623 [main] Log - Loading base url from data file...
[INFO ] 2022-04-22 19:29:41.623 [main] Log - Launching...
[INFO ] 2022-04-22 19:29:47.129 [main] Log - Url Launched Successfully...
[INFO ] 2022-04-22 19:29:51.560 [main] Log - Generated random email
[INFO ] 2022-04-22 19:29:51.758 [main] Log - Entered generated random mail
[INFO ] 2022-04-22 19:31:41.335 [main] Log - Initializing driver...
[INFO ] 2022-04-22 19:31:42.768 [main] Log - Loading base url from data file...
[INFO ] 2022-04-22 19:31:42.769 [main] Log - Launching...
[INFO ] 2022-04-22 19:31:48.566 [main] Log - Url Launched Successfully...
[INFO ] 2022-04-22 19:31:53.147 [main] Log - Generated random email
[INFO ] 2022-04-22 19:31:53.348 [main] Log - Entered generated random mail
[INFO ] 2022-04-22 19:32:56.056 [main] Log - Initializing driver...
[INFO ] 2022-04-22 19:32:57.594 [main] Log - Loading base url from data file...
[INFO ] 2022-04-22 19:32:57.595 [main] Log - Launching...
[INFO ] 2022-04-22 19:33:02.506 [main] Log - Url Launched Successfully...
[INFO ] 2022-04-22 19:33:06.905 [main] Log - Generated random email
[INFO ] 2022-04-22 19:33:07.104 [main] Log - Entered generated random mail
[INFO ] 2022-04-22 19:33:57.299 [main] Log - Initializing driver...
[INFO ] 2022-04-22 19:33:58.725 [main] Log - Loading base url from data file...
[INFO ] 2022-04-22 19:33:58.726 [main] Log - Launching...
[INFO ] 2022-04-22 19:34:03.557 [main] Log - Url Launched Successfully...
[INFO ] 2022-04-22 19:34:16.913 [main] Log - Generated random email
[INFO ] 2022-04-22 19:34:17.197 [main] Log - Entered generated random mail
[INFO ] 2022-04-22 19:35:03.736 [main] Log - Initializing driver...
[INFO ] 2022-04-22 19:35:05.235 [main] Log - Loading base url from data file...
[INFO ] 2022-04-22 19:35:05.236 [main] Log - Launching...
[INFO ] 2022-04-22 19:35:09.921 [main] Log - Url Launched Successfully...
[INFO ] 2022-04-22 19:35:14.599 [main] Log - Generated random email
[INFO ] 2022-04-22 19:35:14.782 [main] Log - Entered generated random mail
[INFO ] 2022-04-22 19:47:16.484 [main] Log - Initializing driver...
[INFO ] 2022-04-22 19:47:17.890 [main] Log - Loading base url from data file...
[INFO ] 2022-04-22 19:47:17.890 [main] Log - Launching...
[INFO ] 2022-04-22 19:47:23.718 [main] Log - Url Launched Successfully...
[INFO ] 2022-04-22 19:47:28.166 [main] Log - Generated random email
[INFO ] 2022-04-22 19:47:42.099 [main] Log - Initializing driver...
[INFO ] 2022-04-22 19:47:43.588 [main] Log - Loading base url from data file...
[INFO ] 2022-04-22 19:47:43.588 [main] Log - Launching...
[INFO ] 2022-04-22 19:47:50.192 [main] Log - Url Launched Successfully...
[INFO ] 2022-04-22 19:47:55.727 [main] Log - Generated random email
[INFO ] 2022-04-22 19:47:55.930 [main] Log - Entered generated random mail
[INFO ] 2022-04-22 19:48:55.843 [main] Log - Initializing driver...
[INFO ] 2022-04-22 19:48:57.234 [main] Log - Loading base url from data file...
[INFO ] 2022-04-22 19:48:57.234 [main] Log - Launching...
[INFO ] 2022-04-22 19:49:05.417 [main] Log - Url Launched Successfully...
[INFO ] 2022-04-22 19:49:11.936 [main] Log - Generated random email
[INFO ] 2022-04-22 19:49:12.141 [main] Log - Entered generated random mail
[INFO ] 2022-04-22 19:51:56.120 [main] Log - Initializing driver...
[INFO ] 2022-04-22 19:51:57.912 [main] Log - Loading base url from data file...
[INFO ] 2022-04-22 19:51:57.912 [main] Log - Launching...
[INFO ] 2022-04-22 19:52:06.281 [main] Log - Url Launched Successfully...
[INFO ] 2022-04-22 19:52:11.151 [main] Log - Generated random email
[INFO ] 2022-04-22 19:52:11.404 [main] Log - Entered generated random mail
[INFO ] 2022-04-22 22:07:46.108 [main] Log - Initializing driver...
[INFO ] 2022-04-22 22:07:49.272 [main] Log - Loading base url from data file...
[INFO ] 2022-04-22 22:07:49.272 [main] Log - Launching...
[INFO ] 2022-04-22 22:07:52.727 [main] Log - Url Launched Successfully...
[INFO ] 2022-04-22 22:07:58.178 [main] Log - Generated random email
[INFO ] 2022-04-22 22:07:58.530 [main] Log - Entered generated random mail
[INFO ] 2022-04-22 22:08:52.415 [main] Log - Initializing driver...
[INFO ] 2022-04-22 22:08:54.895 [main] Log - Loading base url from data file...
[INFO ] 2022-04-22 22:08:54.895 [main] Log - Launching...
[INFO ] 2022-04-22 22:08:59.654 [main] Log - Url Launched Successfully...
[INFO ] 2022-04-22 22:09:04.645 [main] Log - Generated random email
[INFO ] 2022-04-22 22:09:04.914 [main] Log - Entered generated random mail
[INFO ] 2022-04-22 22:09:52.249 [main] Log - Initializing driver...
[INFO ] 2022-04-22 22:09:54.507 [main] Log - Loading base url from data file...
[INFO ] 2022-04-22 22:09:54.507 [main] Log - Launching...
[INFO ] 2022-04-22 22:09:59.685 [main] Log - Url Launched Successfully...
[INFO ] 2022-04-22 22:10:05.675 [main] Log - Generated random email
[INFO ] 2022-04-22 22:10:06.106 [main] Log - Entered generated random mail
[INFO ] 2022-04-22 22:13:12.798 [main] Log - Initializing driver...
[INFO ] 2022-04-22 22:13:17.134 [main] Log - Loading base url from data file...
[INFO ] 2022-04-22 22:13:17.135 [main] Log - Launching...
[INFO ] 2022-04-22 22:13:24.182 [main] Log - Url Launched Successfully...
[INFO ] 2022-04-22 22:13:30.724 [main] Log - Generated random email
[INFO ] 2022-04-22 22:13:45.262 [main] Log - Initializing driver...
[INFO ] 2022-04-22 22:13:47.470 [main] Log - Loading base url from data file...
[INFO ] 2022-04-22 22:13:47.470 [main] Log - Launching...
[INFO ] 2022-04-22 22:13:52.467 [main] Log - Url Launched Successfully...
[INFO ] 2022-04-22 22:13:58.079 [main] Log - Generated random email
[INFO ] 2022-04-22 22:13:58.414 [main] Log - Entered generated random mail
[INFO ] 2022-04-22 22:18:14.244 [main] Log - Initializing driver...
[INFO ] 2022-04-22 22:18:16.406 [main] Log - Loading base url from data file...
[INFO ] 2022-04-22 22:18:16.406 [main] Log - Launching...
[INFO ] 2022-04-22 22:18:21.920 [main] Log - Url Launched Successfully...
[INFO ] 2022-04-22 22:18:28.004 [main] Log - Generated random email
[INFO ] 2022-04-22 22:18:28.380 [main] Log - Entered generated random mail
[INFO ] 2022-04-22 22:23:05.486 [main] Log - Initializing driver...
[INFO ] 2022-04-22 22:23:07.638 [main] Log - Loading base url from data file...
[INFO ] 2022-04-22 22:23:07.638 [main] Log - Launching...
[INFO ] 2022-04-22 22:23:13.368 [main] Log - Url Launched Successfully...
[INFO ] 2022-04-22 22:23:19.310 [main] Log - Generated random email
[INFO ] 2022-04-22 22:23:19.741 [main] Log - Entered generated random mail
[INFO ] 2022-04-22 23:01:48.076 [main] Log - Initializing driver...
[INFO ] 2022-04-22 23:01:50.393 [main] Log - Loading base url from data file...
[INFO ] 2022-04-22 23:01:50.393 [main] Log - Launching...
[INFO ] 2022-04-22 23:01:53.861 [main] Log - Url Launched Successfully...
[INFO ] 2022-04-22 23:01:54.196 [main] Log - Reading login data from csv file...
[INFO ] 2022-04-22 23:01:54.196 [main] Log - Entering admin mailId...
[INFO ] 2022-04-22 23:02:09.277 [main] Log - Initializing driver...
[INFO ] 2022-04-22 23:02:11.643 [main] Log - Loading base url from data file...
[INFO ] 2022-04-22 23:02:11.643 [main] Log - Launching...
[INFO ] 2022-04-22 23:02:19.508 [main] Log - Url Launched Successfully...
[INFO ] 2022-04-22 23:02:19.842 [main] Log - Reading login data from csv file...
[INFO ] 2022-04-22 23:02:19.842 [main] Log - Entering admin mailId...
[INFO ] 2022-04-22 23:02:28.978 [main] Log - Entering password...
[INFO ] 2022-04-22 23:02:50.673 [main] Log - Clicking on Login
[INFO ] 2022-04-22 23:04:06.865 [main] Log - Initializing driver...
[INFO ] 2022-04-22 23:04:09.193 [main] Log - Loading base url from data file...
[INFO ] 2022-04-22 23:04:09.193 [main] Log - Launching...
[INFO ] 2022-04-22 23:04:16.342 [main] Log - Url Launched Successfully...
[INFO ] 2022-04-22 23:04:16.890 [main] Log - Reading login data from csv file...
[INFO ] 2022-04-22 23:04:16.893 [main] Log - Entering admin mailId...
[INFO ] 2022-04-22 23:04:17.083 [main] Log - Entering password...
[INFO ] 2022-04-22 23:04:17.190 [main] Log - Clicking on Login
[INFO ] 2022-04-22 23:05:17.436 [main] Log - Initializing driver...
[INFO ] 2022-04-22 23:05:19.567 [main] Log - Loading base url from data file...
[INFO ] 2022-04-22 23:05:19.567 [main] Log - Launching...
[INFO ] 2022-04-22 23:05:24.767 [main] Log - Url Launched Successfully...
[INFO ] 2022-04-22 23:05:25.373 [main] Log - Reading login data from csv file...
[INFO ] 2022-04-22 23:05:25.374 [main] Log - Entering admin mailId...
[INFO ] 2022-04-22 23:05:25.493 [main] Log - Entering password...
[INFO ] 2022-04-22 23:05:25.601 [main] Log - Clicking on Login
[INFO ] 2022-04-22 23:05:35.340 [main] Log - Initializing driver...
[INFO ] 2022-04-22 23:05:37.448 [main] Log - Loading base url from data file...
[INFO ] 2022-04-22 23:05:37.448 [main] Log - Launching...
[INFO ] 2022-04-22 23:05:43.201 [main] Log - Url Launched Successfully...
[INFO ] 2022-04-22 23:05:43.760 [main] Log - Reading login data from csv file...
[INFO ] 2022-04-22 23:05:43.762 [main] Log - Entering admin mailId...
[INFO ] 2022-04-22 23:05:43.944 [main] Log - Entering password...
[INFO ] 2022-04-22 23:05:44.021 [main] Log - Clicking on Login
[INFO ] 2022-04-22 23:07:29.109 [main] Log - Initializing driver...
[INFO ] 2022-04-22 23:07:31.229 [main] Log - Loading base url from data file...
[INFO ] 2022-04-22 23:07:31.229 [main] Log - Launching...
[INFO ] 2022-04-22 23:07:36.964 [main] Log - Url Launched Successfully...
[INFO ] 2022-04-22 23:07:37.559 [main] Log - Reading login data from csv file...
[INFO ] 2022-04-22 23:07:37.562 [main] Log - Entering emailId...
[INFO ] 2022-04-22 23:07:37.718 [main] Log - Entering password...
[INFO ] 2022-04-22 23:07:37.831 [main] Log - Clicking on Login
[INFO ] 2022-04-22 23:28:28.450 [main] Log - Initializing driver...
[INFO ] 2022-04-22 23:28:31.102 [main] Log - Loading base url from data file...
[INFO ] 2022-04-22 23:28:31.102 [main] Log - Launching...
[INFO ] 2022-04-22 23:28:36.013 [main] Log - Url Launched Successfully...
[INFO ] 2022-04-22 23:29:12.175 [main] Log - Initializing driver...
[INFO ] 2022-04-22 23:29:14.461 [main] Log - Loading base url from data file...
[INFO ] 2022-04-22 23:29:14.461 [main] Log - Launching...
[INFO ] 2022-04-22 23:29:18.167 [main] Log - Url Launched Successfully...
[INFO ] 2022-04-22 23:29:24.872 [main] Log - Generated random email
[INFO ] 2022-04-22 23:29:34.664 [main] Log - Initializing driver...
[INFO ] 2022-04-22 23:29:36.874 [main] Log - Loading base url from data file...
[INFO ] 2022-04-22 23:29:36.874 [main] Log - Launching...
[INFO ] 2022-04-22 23:29:41.715 [main] Log - Url Launched Successfully...
[INFO ] 2022-04-22 23:29:47.025 [main] Log - Generated random email
[INFO ] 2022-04-22 23:29:47.442 [main] Log - Entered generated random mail
[INFO ] 2022-04-22 23:30:25.969 [main] Log - Initializing driver...
[INFO ] 2022-04-22 23:30:28.269 [main] Log - Loading base url from data file...
[INFO ] 2022-04-22 23:30:28.269 [main] Log - Launching...
[INFO ] 2022-04-22 23:30:33.092 [main] Log - Url Launched Successfully...
[INFO ] 2022-04-22 23:30:39.368 [main] Log - Generated random email
[INFO ] 2022-04-22 23:30:39.821 [main] Log - Entered generated random mail
[INFO ] 2022-04-22 23:35:58.340 [main] Log - Initializing driver...
[INFO ] 2022-04-22 23:36:00.651 [main] Log - Loading base url from data file...
[INFO ] 2022-04-22 23:36:00.651 [main] Log - Launching...
[INFO ] 2022-04-22 23:36:06.611 [main] Log - Url Launched Successfully...
[INFO ] 2022-04-22 23:36:13.437 [main] Log - Generated random email
[INFO ] 2022-04-22 23:36:13.883 [main] Log - Entered generated random mail
[INFO ] 2022-04-22 23:36:13.988 [main] Log - clicked on conform
[INFO ] 2022-04-22 23:36:21.701 [main] Log - opened Mail containing OTP
[INFO ] 2022-04-22 23:36:21.926 [main] Log - OTP entered
[INFO ] 2022-04-22 23:36:32.169 [main] Log - OTP verified
[INFO ] 2022-04-22 23:36:37.327 [main] Log - Password entered
[INFO ] 2022-04-22 23:36:37.459 [main] Log - Login button clicked
[INFO ] 2022-04-22 23:36:38.225 [main] Log - Email registered successfully
[INFO ] 2022-04-22 23:38:51.448 [main] Log - Initializing driver...
[INFO ] 2022-04-22 23:39:21.184 [main] Log - Initializing driver...
[INFO ] 2022-04-22 23:39:23.423 [main] Log - Loading base url from data file...
[INFO ] 2022-04-22 23:39:23.432 [main] Log - Launching...
[INFO ] 2022-04-22 23:39:30.906 [main] Log - Url Launched Successfully...
[INFO ] 2022-04-22 23:39:39.469 [main] Log - Generated random email
[INFO ] 2022-04-22 23:39:39.797 [main] Log - Entered generated random mail
[INFO ] 2022-04-22 23:39:39.907 [main] Log - clicked on conform
[INFO ] 2022-04-22 23:39:56.035 [main] Log - opened Mail containing OTP
[INFO ] 2022-04-22 23:39:56.317 [main] Log - OTP entered
[INFO ] 2022-04-22 23:40:06.773 [main] Log - OTP verified
[INFO ] 2022-04-22 23:40:11.916 [main] Log - Password entered
[INFO ] 2022-04-22 23:40:12.014 [main] Log - Login button clicked
[INFO ] 2022-04-22 23:40:37.810 [main] Log - Initializing driver...
[INFO ] 2022-04-22 23:40:39.881 [main] Log - Loading base url from data file...
[INFO ] 2022-04-22 23:40:39.881 [main] Log - Launching...
[INFO ] 2022-04-22 23:40:46.099 [main] Log - Url Launched Successfully...
[INFO ] 2022-04-22 23:40:51.120 [main] Log - Generated random email
[INFO ] 2022-04-22 23:40:51.563 [main] Log - Entered generated random mail
[INFO ] 2022-04-22 23:40:51.664 [main] Log - clicked on conform
[INFO ] 2022-04-22 23:41:01.362 [main] Log - opened Mail containing OTP
[INFO ] 2022-04-22 23:41:01.637 [main] Log - OTP entered
[INFO ] 2022-04-22 23:41:12.095 [main] Log - OTP verified
[INFO ] 2022-04-22 23:41:17.267 [main] Log - Password entered
[INFO ] 2022-04-22 23:41:17.373 [main] Log - Login button clicked
[INFO ] 2022-04-22 23:42:38.366 [main] Log - Initializing driver...
[INFO ] 2022-04-22 23:42:40.618 [main] Log - Loading base url from data file...
[INFO ] 2022-04-22 23:42:40.618 [main] Log - Launching...
[INFO ] 2022-04-22 23:42:46.265 [main] Log - Url Launched Successfully...
[INFO ] 2022-04-22 23:42:52.844 [main] Log - Generated random email
[INFO ] 2022-04-22 23:42:53.253 [main] Log - Entered generated random mail
[INFO ] 2022-04-22 23:42:53.358 [main] Log - clicked on conform
[INFO ] 2022-04-22 23:43:02.604 [main] Log - opened Mail containing OTP
[INFO ] 2022-04-22 23:43:02.867 [main] Log - OTP entered
[INFO ] 2022-04-22 23:43:13.298 [main] Log - OTP verified
[INFO ] 2022-04-22 23:43:18.453 [main] Log - Password entered
[INFO ] 2022-04-22 23:43:18.559 [main] Log - Login button clicked
